[2024-04-08T19:40:12.350+0000] {processor.py:161} INFO - Started process (PID=579) to work on /opt/airflow/dags/demo_dag.py
[2024-04-08T19:40:12.351+0000] {processor.py:830} INFO - Processing file /opt/airflow/dags/demo_dag.py for tasks to queue
[2024-04-08T19:40:12.353+0000] {logging_mixin.py:188} INFO - [2024-04-08T19:40:12.353+0000] {dagbag.py:540} INFO - Filling up the DagBag from /opt/airflow/dags/demo_dag.py
[2024-04-08T19:40:12.365+0000] {logging_mixin.py:188} INFO - [2024-04-08T19:40:12.355+0000] {dagbag.py:350} ERROR - Failed to import: /opt/airflow/dags/demo_dag.py
Traceback (most recent call last):
  File "/home/airflow/.local/lib/python3.8/site-packages/airflow/models/dagbag.py", line 346, in parse
    loader.exec_module(new_module)
  File "<frozen importlib._bootstrap_external>", line 839, in exec_module
  File "<frozen importlib._bootstrap_external>", line 976, in get_code
  File "<frozen importlib._bootstrap_external>", line 906, in source_to_code
  File "<frozen importlib._bootstrap>", line 219, in _call_with_frames_removed
  File "/opt/airflow/dags/demo_dag.py", line 9
    'owner': 'Gad_August',
           ^
SyntaxError: invalid syntax
[2024-04-08T19:40:12.365+0000] {processor.py:842} WARNING - No viable dags retrieved from /opt/airflow/dags/demo_dag.py
[2024-04-08T19:40:12.407+0000] {processor.py:183} INFO - Processing /opt/airflow/dags/demo_dag.py took 0.060 seconds
[2024-04-08T19:40:42.831+0000] {processor.py:161} INFO - Started process (PID=635) to work on /opt/airflow/dags/demo_dag.py
[2024-04-08T19:40:42.832+0000] {processor.py:830} INFO - Processing file /opt/airflow/dags/demo_dag.py for tasks to queue
[2024-04-08T19:40:42.833+0000] {logging_mixin.py:188} INFO - [2024-04-08T19:40:42.833+0000] {dagbag.py:540} INFO - Filling up the DagBag from /opt/airflow/dags/demo_dag.py
[2024-04-08T19:40:42.836+0000] {logging_mixin.py:188} INFO - [2024-04-08T19:40:42.835+0000] {dagbag.py:350} ERROR - Failed to import: /opt/airflow/dags/demo_dag.py
Traceback (most recent call last):
  File "/home/airflow/.local/lib/python3.8/site-packages/airflow/models/dagbag.py", line 346, in parse
    loader.exec_module(new_module)
  File "<frozen importlib._bootstrap_external>", line 839, in exec_module
  File "<frozen importlib._bootstrap_external>", line 976, in get_code
  File "<frozen importlib._bootstrap_external>", line 906, in source_to_code
  File "<frozen importlib._bootstrap>", line 219, in _call_with_frames_removed
  File "/opt/airflow/dags/demo_dag.py", line 9
    'owner': 'Gad_August',
           ^
SyntaxError: invalid syntax
[2024-04-08T19:40:42.837+0000] {processor.py:842} WARNING - No viable dags retrieved from /opt/airflow/dags/demo_dag.py
[2024-04-08T19:40:42.863+0000] {processor.py:183} INFO - Processing /opt/airflow/dags/demo_dag.py took 0.035 seconds
[2024-04-08T19:41:13.338+0000] {processor.py:161} INFO - Started process (PID=691) to work on /opt/airflow/dags/demo_dag.py
[2024-04-08T19:41:13.339+0000] {processor.py:830} INFO - Processing file /opt/airflow/dags/demo_dag.py for tasks to queue
[2024-04-08T19:41:13.340+0000] {logging_mixin.py:188} INFO - [2024-04-08T19:41:13.340+0000] {dagbag.py:540} INFO - Filling up the DagBag from /opt/airflow/dags/demo_dag.py
[2024-04-08T19:41:13.342+0000] {logging_mixin.py:188} INFO - [2024-04-08T19:41:13.342+0000] {dagbag.py:350} ERROR - Failed to import: /opt/airflow/dags/demo_dag.py
Traceback (most recent call last):
  File "/home/airflow/.local/lib/python3.8/site-packages/airflow/models/dagbag.py", line 346, in parse
    loader.exec_module(new_module)
  File "<frozen importlib._bootstrap_external>", line 839, in exec_module
  File "<frozen importlib._bootstrap_external>", line 976, in get_code
  File "<frozen importlib._bootstrap_external>", line 906, in source_to_code
  File "<frozen importlib._bootstrap>", line 219, in _call_with_frames_removed
  File "/opt/airflow/dags/demo_dag.py", line 9
    'owner': 'Gad_August',
           ^
SyntaxError: invalid syntax
[2024-04-08T19:41:13.343+0000] {processor.py:842} WARNING - No viable dags retrieved from /opt/airflow/dags/demo_dag.py
[2024-04-08T19:41:13.363+0000] {processor.py:183} INFO - Processing /opt/airflow/dags/demo_dag.py took 0.028 seconds
[2024-04-08T19:41:43.491+0000] {processor.py:161} INFO - Started process (PID=748) to work on /opt/airflow/dags/demo_dag.py
[2024-04-08T19:41:43.492+0000] {processor.py:830} INFO - Processing file /opt/airflow/dags/demo_dag.py for tasks to queue
[2024-04-08T19:41:43.494+0000] {logging_mixin.py:188} INFO - [2024-04-08T19:41:43.493+0000] {dagbag.py:540} INFO - Filling up the DagBag from /opt/airflow/dags/demo_dag.py
[2024-04-08T19:41:43.497+0000] {logging_mixin.py:188} INFO - [2024-04-08T19:41:43.496+0000] {dagbag.py:350} ERROR - Failed to import: /opt/airflow/dags/demo_dag.py
Traceback (most recent call last):
  File "/home/airflow/.local/lib/python3.8/site-packages/airflow/models/dagbag.py", line 346, in parse
    loader.exec_module(new_module)
  File "<frozen importlib._bootstrap_external>", line 839, in exec_module
  File "<frozen importlib._bootstrap_external>", line 976, in get_code
  File "<frozen importlib._bootstrap_external>", line 906, in source_to_code
  File "<frozen importlib._bootstrap>", line 219, in _call_with_frames_removed
  File "/opt/airflow/dags/demo_dag.py", line 9
    'owner': 'Gad_August',
           ^
SyntaxError: invalid syntax
[2024-04-08T19:41:43.497+0000] {processor.py:842} WARNING - No viable dags retrieved from /opt/airflow/dags/demo_dag.py
[2024-04-08T19:41:43.525+0000] {processor.py:183} INFO - Processing /opt/airflow/dags/demo_dag.py took 0.038 seconds
[2024-04-08T19:42:13.720+0000] {processor.py:161} INFO - Started process (PID=805) to work on /opt/airflow/dags/demo_dag.py
[2024-04-08T19:42:13.721+0000] {processor.py:830} INFO - Processing file /opt/airflow/dags/demo_dag.py for tasks to queue
[2024-04-08T19:42:13.722+0000] {logging_mixin.py:188} INFO - [2024-04-08T19:42:13.722+0000] {dagbag.py:540} INFO - Filling up the DagBag from /opt/airflow/dags/demo_dag.py
[2024-04-08T19:42:13.724+0000] {logging_mixin.py:188} INFO - [2024-04-08T19:42:13.724+0000] {dagbag.py:350} ERROR - Failed to import: /opt/airflow/dags/demo_dag.py
Traceback (most recent call last):
  File "/home/airflow/.local/lib/python3.8/site-packages/airflow/models/dagbag.py", line 346, in parse
    loader.exec_module(new_module)
  File "<frozen importlib._bootstrap_external>", line 839, in exec_module
  File "<frozen importlib._bootstrap_external>", line 976, in get_code
  File "<frozen importlib._bootstrap_external>", line 906, in source_to_code
  File "<frozen importlib._bootstrap>", line 219, in _call_with_frames_removed
  File "/opt/airflow/dags/demo_dag.py", line 9
    'owner': 'Gad_August',
           ^
SyntaxError: invalid syntax
[2024-04-08T19:42:13.725+0000] {processor.py:842} WARNING - No viable dags retrieved from /opt/airflow/dags/demo_dag.py
[2024-04-08T19:42:13.745+0000] {processor.py:183} INFO - Processing /opt/airflow/dags/demo_dag.py took 0.028 seconds
[2024-04-08T19:42:44.221+0000] {processor.py:161} INFO - Started process (PID=862) to work on /opt/airflow/dags/demo_dag.py
[2024-04-08T19:42:44.223+0000] {processor.py:830} INFO - Processing file /opt/airflow/dags/demo_dag.py for tasks to queue
[2024-04-08T19:42:44.229+0000] {logging_mixin.py:188} INFO - [2024-04-08T19:42:44.228+0000] {dagbag.py:540} INFO - Filling up the DagBag from /opt/airflow/dags/demo_dag.py
[2024-04-08T19:42:44.232+0000] {logging_mixin.py:188} INFO - [2024-04-08T19:42:44.231+0000] {dagbag.py:350} ERROR - Failed to import: /opt/airflow/dags/demo_dag.py
Traceback (most recent call last):
  File "/home/airflow/.local/lib/python3.8/site-packages/airflow/models/dagbag.py", line 346, in parse
    loader.exec_module(new_module)
  File "<frozen importlib._bootstrap_external>", line 839, in exec_module
  File "<frozen importlib._bootstrap_external>", line 976, in get_code
  File "<frozen importlib._bootstrap_external>", line 906, in source_to_code
  File "<frozen importlib._bootstrap>", line 219, in _call_with_frames_removed
  File "/opt/airflow/dags/demo_dag.py", line 9
    'owner': 'Gad_August',
           ^
SyntaxError: invalid syntax
[2024-04-08T19:42:44.236+0000] {processor.py:842} WARNING - No viable dags retrieved from /opt/airflow/dags/demo_dag.py
[2024-04-08T19:42:44.296+0000] {processor.py:183} INFO - Processing /opt/airflow/dags/demo_dag.py took 0.085 seconds
[2024-04-08T19:43:14.431+0000] {processor.py:161} INFO - Started process (PID=918) to work on /opt/airflow/dags/demo_dag.py
[2024-04-08T19:43:14.432+0000] {processor.py:830} INFO - Processing file /opt/airflow/dags/demo_dag.py for tasks to queue
[2024-04-08T19:43:14.434+0000] {logging_mixin.py:188} INFO - [2024-04-08T19:43:14.433+0000] {dagbag.py:540} INFO - Filling up the DagBag from /opt/airflow/dags/demo_dag.py
[2024-04-08T19:43:14.436+0000] {logging_mixin.py:188} INFO - [2024-04-08T19:43:14.435+0000] {dagbag.py:350} ERROR - Failed to import: /opt/airflow/dags/demo_dag.py
Traceback (most recent call last):
  File "/home/airflow/.local/lib/python3.8/site-packages/airflow/models/dagbag.py", line 346, in parse
    loader.exec_module(new_module)
  File "<frozen importlib._bootstrap_external>", line 839, in exec_module
  File "<frozen importlib._bootstrap_external>", line 976, in get_code
  File "<frozen importlib._bootstrap_external>", line 906, in source_to_code
  File "<frozen importlib._bootstrap>", line 219, in _call_with_frames_removed
  File "/opt/airflow/dags/demo_dag.py", line 9
    'owner': 'Gad_August',
           ^
SyntaxError: invalid syntax
[2024-04-08T19:43:14.436+0000] {processor.py:842} WARNING - No viable dags retrieved from /opt/airflow/dags/demo_dag.py
[2024-04-08T19:43:14.461+0000] {processor.py:183} INFO - Processing /opt/airflow/dags/demo_dag.py took 0.032 seconds
[2024-04-08T19:43:44.854+0000] {processor.py:161} INFO - Started process (PID=975) to work on /opt/airflow/dags/demo_dag.py
[2024-04-08T19:43:44.855+0000] {processor.py:830} INFO - Processing file /opt/airflow/dags/demo_dag.py for tasks to queue
[2024-04-08T19:43:44.856+0000] {logging_mixin.py:188} INFO - [2024-04-08T19:43:44.856+0000] {dagbag.py:540} INFO - Filling up the DagBag from /opt/airflow/dags/demo_dag.py
[2024-04-08T19:43:44.859+0000] {logging_mixin.py:188} INFO - [2024-04-08T19:43:44.858+0000] {dagbag.py:350} ERROR - Failed to import: /opt/airflow/dags/demo_dag.py
Traceback (most recent call last):
  File "/home/airflow/.local/lib/python3.8/site-packages/airflow/models/dagbag.py", line 346, in parse
    loader.exec_module(new_module)
  File "<frozen importlib._bootstrap_external>", line 839, in exec_module
  File "<frozen importlib._bootstrap_external>", line 976, in get_code
  File "<frozen importlib._bootstrap_external>", line 906, in source_to_code
  File "<frozen importlib._bootstrap>", line 219, in _call_with_frames_removed
  File "/opt/airflow/dags/demo_dag.py", line 9
    'owner': 'Gad_August',
           ^
SyntaxError: invalid syntax
[2024-04-08T19:43:44.859+0000] {processor.py:842} WARNING - No viable dags retrieved from /opt/airflow/dags/demo_dag.py
[2024-04-08T19:43:44.880+0000] {processor.py:183} INFO - Processing /opt/airflow/dags/demo_dag.py took 0.029 seconds
[2024-04-08T19:44:15.262+0000] {processor.py:161} INFO - Started process (PID=1032) to work on /opt/airflow/dags/demo_dag.py
[2024-04-08T19:44:15.263+0000] {processor.py:830} INFO - Processing file /opt/airflow/dags/demo_dag.py for tasks to queue
[2024-04-08T19:44:15.264+0000] {logging_mixin.py:188} INFO - [2024-04-08T19:44:15.264+0000] {dagbag.py:540} INFO - Filling up the DagBag from /opt/airflow/dags/demo_dag.py
[2024-04-08T19:44:15.266+0000] {logging_mixin.py:188} INFO - [2024-04-08T19:44:15.266+0000] {dagbag.py:350} ERROR - Failed to import: /opt/airflow/dags/demo_dag.py
Traceback (most recent call last):
  File "/home/airflow/.local/lib/python3.8/site-packages/airflow/models/dagbag.py", line 346, in parse
    loader.exec_module(new_module)
  File "<frozen importlib._bootstrap_external>", line 839, in exec_module
  File "<frozen importlib._bootstrap_external>", line 976, in get_code
  File "<frozen importlib._bootstrap_external>", line 906, in source_to_code
  File "<frozen importlib._bootstrap>", line 219, in _call_with_frames_removed
  File "/opt/airflow/dags/demo_dag.py", line 9
    'owner': 'Gad_August',
           ^
SyntaxError: invalid syntax
[2024-04-08T19:44:15.267+0000] {processor.py:842} WARNING - No viable dags retrieved from /opt/airflow/dags/demo_dag.py
[2024-04-08T19:44:15.289+0000] {processor.py:183} INFO - Processing /opt/airflow/dags/demo_dag.py took 0.030 seconds
[2024-04-08T19:44:45.777+0000] {processor.py:161} INFO - Started process (PID=1088) to work on /opt/airflow/dags/demo_dag.py
[2024-04-08T19:44:45.778+0000] {processor.py:830} INFO - Processing file /opt/airflow/dags/demo_dag.py for tasks to queue
[2024-04-08T19:44:45.779+0000] {logging_mixin.py:188} INFO - [2024-04-08T19:44:45.779+0000] {dagbag.py:540} INFO - Filling up the DagBag from /opt/airflow/dags/demo_dag.py
[2024-04-08T19:44:45.782+0000] {logging_mixin.py:188} INFO - [2024-04-08T19:44:45.781+0000] {dagbag.py:350} ERROR - Failed to import: /opt/airflow/dags/demo_dag.py
Traceback (most recent call last):
  File "/home/airflow/.local/lib/python3.8/site-packages/airflow/models/dagbag.py", line 346, in parse
    loader.exec_module(new_module)
  File "<frozen importlib._bootstrap_external>", line 839, in exec_module
  File "<frozen importlib._bootstrap_external>", line 976, in get_code
  File "<frozen importlib._bootstrap_external>", line 906, in source_to_code
  File "<frozen importlib._bootstrap>", line 219, in _call_with_frames_removed
  File "/opt/airflow/dags/demo_dag.py", line 9
    'owner': 'Gad_August',
           ^
SyntaxError: invalid syntax
[2024-04-08T19:44:45.782+0000] {processor.py:842} WARNING - No viable dags retrieved from /opt/airflow/dags/demo_dag.py
[2024-04-08T19:44:45.803+0000] {processor.py:183} INFO - Processing /opt/airflow/dags/demo_dag.py took 0.028 seconds
[2024-04-08T19:45:16.080+0000] {processor.py:161} INFO - Started process (PID=1143) to work on /opt/airflow/dags/demo_dag.py
[2024-04-08T19:45:16.081+0000] {processor.py:830} INFO - Processing file /opt/airflow/dags/demo_dag.py for tasks to queue
[2024-04-08T19:45:16.083+0000] {logging_mixin.py:188} INFO - [2024-04-08T19:45:16.082+0000] {dagbag.py:540} INFO - Filling up the DagBag from /opt/airflow/dags/demo_dag.py
[2024-04-08T19:45:16.085+0000] {logging_mixin.py:188} INFO - [2024-04-08T19:45:16.085+0000] {dagbag.py:350} ERROR - Failed to import: /opt/airflow/dags/demo_dag.py
Traceback (most recent call last):
  File "/home/airflow/.local/lib/python3.8/site-packages/airflow/models/dagbag.py", line 346, in parse
    loader.exec_module(new_module)
  File "<frozen importlib._bootstrap_external>", line 839, in exec_module
  File "<frozen importlib._bootstrap_external>", line 976, in get_code
  File "<frozen importlib._bootstrap_external>", line 906, in source_to_code
  File "<frozen importlib._bootstrap>", line 219, in _call_with_frames_removed
  File "/opt/airflow/dags/demo_dag.py", line 9
    'owner': 'Gad_August',
           ^
SyntaxError: invalid syntax
[2024-04-08T19:45:16.086+0000] {processor.py:842} WARNING - No viable dags retrieved from /opt/airflow/dags/demo_dag.py
[2024-04-08T19:45:16.113+0000] {processor.py:183} INFO - Processing /opt/airflow/dags/demo_dag.py took 0.036 seconds
[2024-04-08T19:45:46.703+0000] {processor.py:161} INFO - Started process (PID=1199) to work on /opt/airflow/dags/demo_dag.py
[2024-04-08T19:45:46.704+0000] {processor.py:830} INFO - Processing file /opt/airflow/dags/demo_dag.py for tasks to queue
[2024-04-08T19:45:46.706+0000] {logging_mixin.py:188} INFO - [2024-04-08T19:45:46.705+0000] {dagbag.py:540} INFO - Filling up the DagBag from /opt/airflow/dags/demo_dag.py
[2024-04-08T19:45:46.708+0000] {logging_mixin.py:188} INFO - [2024-04-08T19:45:46.708+0000] {dagbag.py:350} ERROR - Failed to import: /opt/airflow/dags/demo_dag.py
Traceback (most recent call last):
  File "/home/airflow/.local/lib/python3.8/site-packages/airflow/models/dagbag.py", line 346, in parse
    loader.exec_module(new_module)
  File "<frozen importlib._bootstrap_external>", line 839, in exec_module
  File "<frozen importlib._bootstrap_external>", line 976, in get_code
  File "<frozen importlib._bootstrap_external>", line 906, in source_to_code
  File "<frozen importlib._bootstrap>", line 219, in _call_with_frames_removed
  File "/opt/airflow/dags/demo_dag.py", line 9
    'owner': 'Gad_August',
           ^
SyntaxError: invalid syntax
[2024-04-08T19:45:46.709+0000] {processor.py:842} WARNING - No viable dags retrieved from /opt/airflow/dags/demo_dag.py
[2024-04-08T19:45:46.734+0000] {processor.py:183} INFO - Processing /opt/airflow/dags/demo_dag.py took 0.035 seconds
[2024-04-08T19:46:17.075+0000] {processor.py:161} INFO - Started process (PID=1255) to work on /opt/airflow/dags/demo_dag.py
[2024-04-08T19:46:17.075+0000] {processor.py:830} INFO - Processing file /opt/airflow/dags/demo_dag.py for tasks to queue
[2024-04-08T19:46:17.077+0000] {logging_mixin.py:188} INFO - [2024-04-08T19:46:17.077+0000] {dagbag.py:540} INFO - Filling up the DagBag from /opt/airflow/dags/demo_dag.py
[2024-04-08T19:46:17.079+0000] {logging_mixin.py:188} INFO - [2024-04-08T19:46:17.079+0000] {dagbag.py:350} ERROR - Failed to import: /opt/airflow/dags/demo_dag.py
Traceback (most recent call last):
  File "/home/airflow/.local/lib/python3.8/site-packages/airflow/models/dagbag.py", line 346, in parse
    loader.exec_module(new_module)
  File "<frozen importlib._bootstrap_external>", line 839, in exec_module
  File "<frozen importlib._bootstrap_external>", line 976, in get_code
  File "<frozen importlib._bootstrap_external>", line 906, in source_to_code
  File "<frozen importlib._bootstrap>", line 219, in _call_with_frames_removed
  File "/opt/airflow/dags/demo_dag.py", line 9
    'owner': 'Gad_August',
           ^
SyntaxError: invalid syntax
[2024-04-08T19:46:17.079+0000] {processor.py:842} WARNING - No viable dags retrieved from /opt/airflow/dags/demo_dag.py
[2024-04-08T19:46:17.099+0000] {processor.py:183} INFO - Processing /opt/airflow/dags/demo_dag.py took 0.028 seconds
[2024-04-08T19:46:47.585+0000] {processor.py:161} INFO - Started process (PID=1311) to work on /opt/airflow/dags/demo_dag.py
[2024-04-08T19:46:47.586+0000] {processor.py:830} INFO - Processing file /opt/airflow/dags/demo_dag.py for tasks to queue
[2024-04-08T19:46:47.588+0000] {logging_mixin.py:188} INFO - [2024-04-08T19:46:47.588+0000] {dagbag.py:540} INFO - Filling up the DagBag from /opt/airflow/dags/demo_dag.py
[2024-04-08T19:46:47.591+0000] {logging_mixin.py:188} INFO - [2024-04-08T19:46:47.590+0000] {dagbag.py:350} ERROR - Failed to import: /opt/airflow/dags/demo_dag.py
Traceback (most recent call last):
  File "/home/airflow/.local/lib/python3.8/site-packages/airflow/models/dagbag.py", line 346, in parse
    loader.exec_module(new_module)
  File "<frozen importlib._bootstrap_external>", line 839, in exec_module
  File "<frozen importlib._bootstrap_external>", line 976, in get_code
  File "<frozen importlib._bootstrap_external>", line 906, in source_to_code
  File "<frozen importlib._bootstrap>", line 219, in _call_with_frames_removed
  File "/opt/airflow/dags/demo_dag.py", line 9
    'owner': 'Gad_August',
           ^
SyntaxError: invalid syntax
[2024-04-08T19:46:47.591+0000] {processor.py:842} WARNING - No viable dags retrieved from /opt/airflow/dags/demo_dag.py
[2024-04-08T19:46:47.620+0000] {processor.py:183} INFO - Processing /opt/airflow/dags/demo_dag.py took 0.039 seconds
[2024-04-08T19:47:18.587+0000] {processor.py:161} INFO - Started process (PID=1373) to work on /opt/airflow/dags/demo_dag.py
[2024-04-08T19:47:18.598+0000] {processor.py:830} INFO - Processing file /opt/airflow/dags/demo_dag.py for tasks to queue
[2024-04-08T19:47:18.601+0000] {logging_mixin.py:188} INFO - [2024-04-08T19:47:18.600+0000] {dagbag.py:540} INFO - Filling up the DagBag from /opt/airflow/dags/demo_dag.py
[2024-04-08T19:47:18.604+0000] {logging_mixin.py:188} INFO - [2024-04-08T19:47:18.603+0000] {dagbag.py:350} ERROR - Failed to import: /opt/airflow/dags/demo_dag.py
Traceback (most recent call last):
  File "/home/airflow/.local/lib/python3.8/site-packages/airflow/models/dagbag.py", line 346, in parse
    loader.exec_module(new_module)
  File "<frozen importlib._bootstrap_external>", line 839, in exec_module
  File "<frozen importlib._bootstrap_external>", line 976, in get_code
  File "<frozen importlib._bootstrap_external>", line 906, in source_to_code
  File "<frozen importlib._bootstrap>", line 219, in _call_with_frames_removed
  File "/opt/airflow/dags/demo_dag.py", line 9
    'owner': 'Gad_August',
           ^
SyntaxError: invalid syntax
[2024-04-08T19:47:18.608+0000] {processor.py:842} WARNING - No viable dags retrieved from /opt/airflow/dags/demo_dag.py
[2024-04-08T19:47:18.754+0000] {processor.py:183} INFO - Processing /opt/airflow/dags/demo_dag.py took 0.171 seconds
[2024-04-08T19:47:49.279+0000] {processor.py:161} INFO - Started process (PID=1429) to work on /opt/airflow/dags/demo_dag.py
[2024-04-08T19:47:49.280+0000] {processor.py:830} INFO - Processing file /opt/airflow/dags/demo_dag.py for tasks to queue
[2024-04-08T19:47:49.281+0000] {logging_mixin.py:188} INFO - [2024-04-08T19:47:49.281+0000] {dagbag.py:540} INFO - Filling up the DagBag from /opt/airflow/dags/demo_dag.py
[2024-04-08T19:47:49.283+0000] {logging_mixin.py:188} INFO - [2024-04-08T19:47:49.283+0000] {dagbag.py:350} ERROR - Failed to import: /opt/airflow/dags/demo_dag.py
Traceback (most recent call last):
  File "/home/airflow/.local/lib/python3.8/site-packages/airflow/models/dagbag.py", line 346, in parse
    loader.exec_module(new_module)
  File "<frozen importlib._bootstrap_external>", line 839, in exec_module
  File "<frozen importlib._bootstrap_external>", line 976, in get_code
  File "<frozen importlib._bootstrap_external>", line 906, in source_to_code
  File "<frozen importlib._bootstrap>", line 219, in _call_with_frames_removed
  File "/opt/airflow/dags/demo_dag.py", line 9
    'owner': 'Gad_August',
           ^
SyntaxError: invalid syntax
[2024-04-08T19:47:49.284+0000] {processor.py:842} WARNING - No viable dags retrieved from /opt/airflow/dags/demo_dag.py
[2024-04-08T19:47:49.304+0000] {processor.py:183} INFO - Processing /opt/airflow/dags/demo_dag.py took 0.028 seconds
[2024-04-08T19:48:19.656+0000] {processor.py:161} INFO - Started process (PID=1485) to work on /opt/airflow/dags/demo_dag.py
[2024-04-08T19:48:19.657+0000] {processor.py:830} INFO - Processing file /opt/airflow/dags/demo_dag.py for tasks to queue
[2024-04-08T19:48:19.659+0000] {logging_mixin.py:188} INFO - [2024-04-08T19:48:19.659+0000] {dagbag.py:540} INFO - Filling up the DagBag from /opt/airflow/dags/demo_dag.py
[2024-04-08T19:48:19.661+0000] {logging_mixin.py:188} INFO - [2024-04-08T19:48:19.660+0000] {dagbag.py:350} ERROR - Failed to import: /opt/airflow/dags/demo_dag.py
Traceback (most recent call last):
  File "/home/airflow/.local/lib/python3.8/site-packages/airflow/models/dagbag.py", line 346, in parse
    loader.exec_module(new_module)
  File "<frozen importlib._bootstrap_external>", line 839, in exec_module
  File "<frozen importlib._bootstrap_external>", line 976, in get_code
  File "<frozen importlib._bootstrap_external>", line 906, in source_to_code
  File "<frozen importlib._bootstrap>", line 219, in _call_with_frames_removed
  File "/opt/airflow/dags/demo_dag.py", line 9
    'owner': 'Gad_August',
           ^
SyntaxError: invalid syntax
[2024-04-08T19:48:19.661+0000] {processor.py:842} WARNING - No viable dags retrieved from /opt/airflow/dags/demo_dag.py
[2024-04-08T19:48:19.681+0000] {processor.py:183} INFO - Processing /opt/airflow/dags/demo_dag.py took 0.028 seconds
[2024-04-08T19:48:50.552+0000] {processor.py:161} INFO - Started process (PID=1541) to work on /opt/airflow/dags/demo_dag.py
[2024-04-08T19:48:50.553+0000] {processor.py:830} INFO - Processing file /opt/airflow/dags/demo_dag.py for tasks to queue
[2024-04-08T19:48:50.554+0000] {logging_mixin.py:188} INFO - [2024-04-08T19:48:50.554+0000] {dagbag.py:540} INFO - Filling up the DagBag from /opt/airflow/dags/demo_dag.py
[2024-04-08T19:48:50.557+0000] {logging_mixin.py:188} INFO - [2024-04-08T19:48:50.556+0000] {dagbag.py:350} ERROR - Failed to import: /opt/airflow/dags/demo_dag.py
Traceback (most recent call last):
  File "/home/airflow/.local/lib/python3.8/site-packages/airflow/models/dagbag.py", line 346, in parse
    loader.exec_module(new_module)
  File "<frozen importlib._bootstrap_external>", line 839, in exec_module
  File "<frozen importlib._bootstrap_external>", line 976, in get_code
  File "<frozen importlib._bootstrap_external>", line 906, in source_to_code
  File "<frozen importlib._bootstrap>", line 219, in _call_with_frames_removed
  File "/opt/airflow/dags/demo_dag.py", line 9
    'owner': 'Gad_August',
           ^
SyntaxError: invalid syntax
[2024-04-08T19:48:50.557+0000] {processor.py:842} WARNING - No viable dags retrieved from /opt/airflow/dags/demo_dag.py
[2024-04-08T19:48:50.586+0000] {processor.py:183} INFO - Processing /opt/airflow/dags/demo_dag.py took 0.037 seconds
[2024-04-08T19:49:20.629+0000] {processor.py:161} INFO - Started process (PID=1598) to work on /opt/airflow/dags/demo_dag.py
[2024-04-08T19:49:20.630+0000] {processor.py:830} INFO - Processing file /opt/airflow/dags/demo_dag.py for tasks to queue
[2024-04-08T19:49:20.632+0000] {logging_mixin.py:188} INFO - [2024-04-08T19:49:20.631+0000] {dagbag.py:540} INFO - Filling up the DagBag from /opt/airflow/dags/demo_dag.py
[2024-04-08T19:49:20.634+0000] {logging_mixin.py:188} INFO - [2024-04-08T19:49:20.633+0000] {dagbag.py:350} ERROR - Failed to import: /opt/airflow/dags/demo_dag.py
Traceback (most recent call last):
  File "/home/airflow/.local/lib/python3.8/site-packages/airflow/models/dagbag.py", line 346, in parse
    loader.exec_module(new_module)
  File "<frozen importlib._bootstrap_external>", line 839, in exec_module
  File "<frozen importlib._bootstrap_external>", line 976, in get_code
  File "<frozen importlib._bootstrap_external>", line 906, in source_to_code
  File "<frozen importlib._bootstrap>", line 219, in _call_with_frames_removed
  File "/opt/airflow/dags/demo_dag.py", line 9
    'owner': 'Gad_August',
           ^
SyntaxError: invalid syntax
[2024-04-08T19:49:20.634+0000] {processor.py:842} WARNING - No viable dags retrieved from /opt/airflow/dags/demo_dag.py
[2024-04-08T19:49:20.655+0000] {processor.py:183} INFO - Processing /opt/airflow/dags/demo_dag.py took 0.029 seconds
[2024-04-08T19:49:51.053+0000] {processor.py:161} INFO - Started process (PID=1655) to work on /opt/airflow/dags/demo_dag.py
[2024-04-08T19:49:51.054+0000] {processor.py:830} INFO - Processing file /opt/airflow/dags/demo_dag.py for tasks to queue
[2024-04-08T19:49:51.056+0000] {logging_mixin.py:188} INFO - [2024-04-08T19:49:51.056+0000] {dagbag.py:540} INFO - Filling up the DagBag from /opt/airflow/dags/demo_dag.py
[2024-04-08T19:49:51.058+0000] {logging_mixin.py:188} INFO - [2024-04-08T19:49:51.058+0000] {dagbag.py:350} ERROR - Failed to import: /opt/airflow/dags/demo_dag.py
Traceback (most recent call last):
  File "/home/airflow/.local/lib/python3.8/site-packages/airflow/models/dagbag.py", line 346, in parse
    loader.exec_module(new_module)
  File "<frozen importlib._bootstrap_external>", line 839, in exec_module
  File "<frozen importlib._bootstrap_external>", line 976, in get_code
  File "<frozen importlib._bootstrap_external>", line 906, in source_to_code
  File "<frozen importlib._bootstrap>", line 219, in _call_with_frames_removed
  File "/opt/airflow/dags/demo_dag.py", line 9
    'owner': 'Gad_August',
           ^
SyntaxError: invalid syntax
[2024-04-08T19:49:51.058+0000] {processor.py:842} WARNING - No viable dags retrieved from /opt/airflow/dags/demo_dag.py
[2024-04-08T19:49:51.079+0000] {processor.py:183} INFO - Processing /opt/airflow/dags/demo_dag.py took 0.028 seconds
[2024-04-08T19:50:21.119+0000] {processor.py:161} INFO - Started process (PID=1711) to work on /opt/airflow/dags/demo_dag.py
[2024-04-08T19:50:21.119+0000] {processor.py:830} INFO - Processing file /opt/airflow/dags/demo_dag.py for tasks to queue
[2024-04-08T19:50:21.121+0000] {logging_mixin.py:188} INFO - [2024-04-08T19:50:21.121+0000] {dagbag.py:540} INFO - Filling up the DagBag from /opt/airflow/dags/demo_dag.py
[2024-04-08T19:50:21.123+0000] {logging_mixin.py:188} INFO - [2024-04-08T19:50:21.123+0000] {dagbag.py:350} ERROR - Failed to import: /opt/airflow/dags/demo_dag.py
Traceback (most recent call last):
  File "/home/airflow/.local/lib/python3.8/site-packages/airflow/models/dagbag.py", line 346, in parse
    loader.exec_module(new_module)
  File "<frozen importlib._bootstrap_external>", line 839, in exec_module
  File "<frozen importlib._bootstrap_external>", line 976, in get_code
  File "<frozen importlib._bootstrap_external>", line 906, in source_to_code
  File "<frozen importlib._bootstrap>", line 219, in _call_with_frames_removed
  File "/opt/airflow/dags/demo_dag.py", line 9
    'owner': 'Gad_August',
           ^
SyntaxError: invalid syntax
[2024-04-08T19:50:21.124+0000] {processor.py:842} WARNING - No viable dags retrieved from /opt/airflow/dags/demo_dag.py
[2024-04-08T19:50:21.144+0000] {processor.py:183} INFO - Processing /opt/airflow/dags/demo_dag.py took 0.028 seconds
[2024-04-08T19:50:51.567+0000] {processor.py:161} INFO - Started process (PID=1768) to work on /opt/airflow/dags/demo_dag.py
[2024-04-08T19:50:51.568+0000] {processor.py:830} INFO - Processing file /opt/airflow/dags/demo_dag.py for tasks to queue
[2024-04-08T19:50:51.569+0000] {logging_mixin.py:188} INFO - [2024-04-08T19:50:51.569+0000] {dagbag.py:540} INFO - Filling up the DagBag from /opt/airflow/dags/demo_dag.py
[2024-04-08T19:50:51.572+0000] {logging_mixin.py:188} INFO - [2024-04-08T19:50:51.571+0000] {dagbag.py:350} ERROR - Failed to import: /opt/airflow/dags/demo_dag.py
Traceback (most recent call last):
  File "/home/airflow/.local/lib/python3.8/site-packages/airflow/models/dagbag.py", line 346, in parse
    loader.exec_module(new_module)
  File "<frozen importlib._bootstrap_external>", line 839, in exec_module
  File "<frozen importlib._bootstrap_external>", line 976, in get_code
  File "<frozen importlib._bootstrap_external>", line 906, in source_to_code
  File "<frozen importlib._bootstrap>", line 219, in _call_with_frames_removed
  File "/opt/airflow/dags/demo_dag.py", line 9
    'owner': 'Gad_August',
           ^
SyntaxError: invalid syntax
[2024-04-08T19:50:51.572+0000] {processor.py:842} WARNING - No viable dags retrieved from /opt/airflow/dags/demo_dag.py
[2024-04-08T19:50:51.592+0000] {processor.py:183} INFO - Processing /opt/airflow/dags/demo_dag.py took 0.028 seconds
[2024-04-08T19:51:14.237+0000] {processor.py:161} INFO - Started process (PID=1808) to work on /opt/airflow/dags/demo_dag.py
[2024-04-08T19:51:14.238+0000] {processor.py:830} INFO - Processing file /opt/airflow/dags/demo_dag.py for tasks to queue
[2024-04-08T19:51:14.240+0000] {logging_mixin.py:188} INFO - [2024-04-08T19:51:14.240+0000] {dagbag.py:540} INFO - Filling up the DagBag from /opt/airflow/dags/demo_dag.py
[2024-04-08T19:51:14.246+0000] {logging_mixin.py:188} INFO - [2024-04-08T19:51:14.245+0000] {dagbag.py:350} ERROR - Failed to import: /opt/airflow/dags/demo_dag.py
Traceback (most recent call last):
  File "/home/airflow/.local/lib/python3.8/site-packages/airflow/models/dagbag.py", line 346, in parse
    loader.exec_module(new_module)
  File "<frozen importlib._bootstrap_external>", line 839, in exec_module
  File "<frozen importlib._bootstrap_external>", line 976, in get_code
  File "<frozen importlib._bootstrap_external>", line 906, in source_to_code
  File "<frozen importlib._bootstrap>", line 219, in _call_with_frames_removed
  File "/opt/airflow/dags/demo_dag.py", line 9
    'owner': 'Gad_August',
           ^
SyntaxError: invalid syntax
[2024-04-08T19:51:14.247+0000] {processor.py:842} WARNING - No viable dags retrieved from /opt/airflow/dags/demo_dag.py
[2024-04-08T19:51:14.275+0000] {processor.py:183} INFO - Processing /opt/airflow/dags/demo_dag.py took 0.040 seconds
[2024-04-08T19:51:44.468+0000] {processor.py:161} INFO - Started process (PID=1863) to work on /opt/airflow/dags/demo_dag.py
[2024-04-08T19:51:44.470+0000] {processor.py:830} INFO - Processing file /opt/airflow/dags/demo_dag.py for tasks to queue
[2024-04-08T19:51:44.471+0000] {logging_mixin.py:188} INFO - [2024-04-08T19:51:44.471+0000] {dagbag.py:540} INFO - Filling up the DagBag from /opt/airflow/dags/demo_dag.py
[2024-04-08T19:51:44.474+0000] {logging_mixin.py:188} INFO - [2024-04-08T19:51:44.473+0000] {dagbag.py:350} ERROR - Failed to import: /opt/airflow/dags/demo_dag.py
Traceback (most recent call last):
  File "/home/airflow/.local/lib/python3.8/site-packages/airflow/models/dagbag.py", line 346, in parse
    loader.exec_module(new_module)
  File "<frozen importlib._bootstrap_external>", line 839, in exec_module
  File "<frozen importlib._bootstrap_external>", line 976, in get_code
  File "<frozen importlib._bootstrap_external>", line 906, in source_to_code
  File "<frozen importlib._bootstrap>", line 219, in _call_with_frames_removed
  File "/opt/airflow/dags/demo_dag.py", line 9
    'owner': 'Gad_August',
           ^
SyntaxError: invalid syntax
[2024-04-08T19:51:44.475+0000] {processor.py:842} WARNING - No viable dags retrieved from /opt/airflow/dags/demo_dag.py
[2024-04-08T19:51:44.509+0000] {processor.py:183} INFO - Processing /opt/airflow/dags/demo_dag.py took 0.044 seconds
[2024-04-08T19:52:14.841+0000] {processor.py:161} INFO - Started process (PID=1920) to work on /opt/airflow/dags/demo_dag.py
[2024-04-08T19:52:14.842+0000] {processor.py:830} INFO - Processing file /opt/airflow/dags/demo_dag.py for tasks to queue
[2024-04-08T19:52:14.844+0000] {logging_mixin.py:188} INFO - [2024-04-08T19:52:14.844+0000] {dagbag.py:540} INFO - Filling up the DagBag from /opt/airflow/dags/demo_dag.py
[2024-04-08T19:52:14.847+0000] {logging_mixin.py:188} INFO - [2024-04-08T19:52:14.846+0000] {dagbag.py:350} ERROR - Failed to import: /opt/airflow/dags/demo_dag.py
Traceback (most recent call last):
  File "/home/airflow/.local/lib/python3.8/site-packages/airflow/models/dagbag.py", line 346, in parse
    loader.exec_module(new_module)
  File "<frozen importlib._bootstrap_external>", line 839, in exec_module
  File "<frozen importlib._bootstrap_external>", line 976, in get_code
  File "<frozen importlib._bootstrap_external>", line 906, in source_to_code
  File "<frozen importlib._bootstrap>", line 219, in _call_with_frames_removed
  File "/opt/airflow/dags/demo_dag.py", line 9
    'owner': 'Gad_August',
           ^
SyntaxError: invalid syntax
[2024-04-08T19:52:14.847+0000] {processor.py:842} WARNING - No viable dags retrieved from /opt/airflow/dags/demo_dag.py
[2024-04-08T19:52:14.876+0000] {processor.py:183} INFO - Processing /opt/airflow/dags/demo_dag.py took 0.038 seconds
[2024-04-08T19:52:45.020+0000] {processor.py:161} INFO - Started process (PID=1976) to work on /opt/airflow/dags/demo_dag.py
[2024-04-08T19:52:45.021+0000] {processor.py:830} INFO - Processing file /opt/airflow/dags/demo_dag.py for tasks to queue
[2024-04-08T19:52:45.023+0000] {logging_mixin.py:188} INFO - [2024-04-08T19:52:45.023+0000] {dagbag.py:540} INFO - Filling up the DagBag from /opt/airflow/dags/demo_dag.py
[2024-04-08T19:52:45.025+0000] {logging_mixin.py:188} INFO - [2024-04-08T19:52:45.025+0000] {dagbag.py:350} ERROR - Failed to import: /opt/airflow/dags/demo_dag.py
Traceback (most recent call last):
  File "/home/airflow/.local/lib/python3.8/site-packages/airflow/models/dagbag.py", line 346, in parse
    loader.exec_module(new_module)
  File "<frozen importlib._bootstrap_external>", line 839, in exec_module
  File "<frozen importlib._bootstrap_external>", line 976, in get_code
  File "<frozen importlib._bootstrap_external>", line 906, in source_to_code
  File "<frozen importlib._bootstrap>", line 219, in _call_with_frames_removed
  File "/opt/airflow/dags/demo_dag.py", line 9
    'owner': 'Gad_August',
           ^
SyntaxError: invalid syntax
[2024-04-08T19:52:45.026+0000] {processor.py:842} WARNING - No viable dags retrieved from /opt/airflow/dags/demo_dag.py
[2024-04-08T19:52:45.053+0000] {processor.py:183} INFO - Processing /opt/airflow/dags/demo_dag.py took 0.035 seconds
[2024-04-08T19:53:15.616+0000] {processor.py:161} INFO - Started process (PID=2032) to work on /opt/airflow/dags/demo_dag.py
[2024-04-08T19:53:15.617+0000] {processor.py:830} INFO - Processing file /opt/airflow/dags/demo_dag.py for tasks to queue
[2024-04-08T19:53:15.619+0000] {logging_mixin.py:188} INFO - [2024-04-08T19:53:15.619+0000] {dagbag.py:540} INFO - Filling up the DagBag from /opt/airflow/dags/demo_dag.py
[2024-04-08T19:53:15.622+0000] {logging_mixin.py:188} INFO - [2024-04-08T19:53:15.621+0000] {dagbag.py:350} ERROR - Failed to import: /opt/airflow/dags/demo_dag.py
Traceback (most recent call last):
  File "/home/airflow/.local/lib/python3.8/site-packages/airflow/models/dagbag.py", line 346, in parse
    loader.exec_module(new_module)
  File "<frozen importlib._bootstrap_external>", line 839, in exec_module
  File "<frozen importlib._bootstrap_external>", line 976, in get_code
  File "<frozen importlib._bootstrap_external>", line 906, in source_to_code
  File "<frozen importlib._bootstrap>", line 219, in _call_with_frames_removed
  File "/opt/airflow/dags/demo_dag.py", line 9
    'owner': 'Gad_August',
           ^
SyntaxError: invalid syntax
[2024-04-08T19:53:15.622+0000] {processor.py:842} WARNING - No viable dags retrieved from /opt/airflow/dags/demo_dag.py
[2024-04-08T19:53:15.648+0000] {processor.py:183} INFO - Processing /opt/airflow/dags/demo_dag.py took 0.035 seconds
[2024-04-08T19:53:45.970+0000] {processor.py:161} INFO - Started process (PID=2088) to work on /opt/airflow/dags/demo_dag.py
[2024-04-08T19:53:45.971+0000] {processor.py:830} INFO - Processing file /opt/airflow/dags/demo_dag.py for tasks to queue
[2024-04-08T19:53:45.973+0000] {logging_mixin.py:188} INFO - [2024-04-08T19:53:45.973+0000] {dagbag.py:540} INFO - Filling up the DagBag from /opt/airflow/dags/demo_dag.py
[2024-04-08T19:53:45.976+0000] {logging_mixin.py:188} INFO - [2024-04-08T19:53:45.975+0000] {dagbag.py:350} ERROR - Failed to import: /opt/airflow/dags/demo_dag.py
Traceback (most recent call last):
  File "/home/airflow/.local/lib/python3.8/site-packages/airflow/models/dagbag.py", line 346, in parse
    loader.exec_module(new_module)
  File "<frozen importlib._bootstrap_external>", line 839, in exec_module
  File "<frozen importlib._bootstrap_external>", line 976, in get_code
  File "<frozen importlib._bootstrap_external>", line 906, in source_to_code
  File "<frozen importlib._bootstrap>", line 219, in _call_with_frames_removed
  File "/opt/airflow/dags/demo_dag.py", line 9
    'owner': 'Gad_August',
           ^
SyntaxError: invalid syntax
[2024-04-08T19:53:45.976+0000] {processor.py:842} WARNING - No viable dags retrieved from /opt/airflow/dags/demo_dag.py
[2024-04-08T19:53:46.003+0000] {processor.py:183} INFO - Processing /opt/airflow/dags/demo_dag.py took 0.037 seconds
[2024-04-08T19:54:07.314+0000] {processor.py:161} INFO - Started process (PID=2115) to work on /opt/airflow/dags/demo_dag.py
[2024-04-08T19:54:07.315+0000] {processor.py:830} INFO - Processing file /opt/airflow/dags/demo_dag.py for tasks to queue
[2024-04-08T19:54:07.319+0000] {logging_mixin.py:188} INFO - [2024-04-08T19:54:07.319+0000] {dagbag.py:540} INFO - Filling up the DagBag from /opt/airflow/dags/demo_dag.py
[2024-04-08T19:54:07.331+0000] {processor.py:840} INFO - DAG(s) 'first_demo_dag' retrieved from /opt/airflow/dags/demo_dag.py
[2024-04-08T19:54:07.664+0000] {logging_mixin.py:188} INFO - [2024-04-08T19:54:07.663+0000] {override.py:1769} INFO - Created Permission View: can delete on DAG:first_demo_dag
[2024-04-08T19:54:07.688+0000] {logging_mixin.py:188} INFO - [2024-04-08T19:54:07.688+0000] {override.py:1769} INFO - Created Permission View: can edit on DAG:first_demo_dag
[2024-04-08T19:54:07.714+0000] {logging_mixin.py:188} INFO - [2024-04-08T19:54:07.713+0000] {override.py:1769} INFO - Created Permission View: can read on DAG:first_demo_dag
[2024-04-08T19:54:07.714+0000] {logging_mixin.py:188} INFO - [2024-04-08T19:54:07.714+0000] {dag.py:3047} INFO - Sync 1 DAGs
[2024-04-08T19:54:07.748+0000] {logging_mixin.py:188} INFO - [2024-04-08T19:54:07.747+0000] {dag.py:3069} INFO - Creating ORM DAG for first_demo_dag
[2024-04-08T19:54:07.778+0000] {logging_mixin.py:188} INFO - [2024-04-08T19:54:07.777+0000] {dag.py:3834} INFO - Setting next_dagrun for first_demo_dag to 2024-04-05 23:00:00+00:00, run_after=2024-04-08 01:00:00+00:00
[2024-04-08T19:54:07.841+0000] {processor.py:183} INFO - Processing /opt/airflow/dags/demo_dag.py took 0.535 seconds
[2024-04-08T19:54:38.275+0000] {processor.py:161} INFO - Started process (PID=2173) to work on /opt/airflow/dags/demo_dag.py
[2024-04-08T19:54:38.284+0000] {processor.py:830} INFO - Processing file /opt/airflow/dags/demo_dag.py for tasks to queue
[2024-04-08T19:54:38.286+0000] {logging_mixin.py:188} INFO - [2024-04-08T19:54:38.286+0000] {dagbag.py:540} INFO - Filling up the DagBag from /opt/airflow/dags/demo_dag.py
[2024-04-08T19:54:38.306+0000] {processor.py:840} INFO - DAG(s) 'first_demo_dag' retrieved from /opt/airflow/dags/demo_dag.py
[2024-04-08T19:54:38.409+0000] {logging_mixin.py:188} INFO - [2024-04-08T19:54:38.409+0000] {dag.py:3047} INFO - Sync 1 DAGs
[2024-04-08T19:54:38.512+0000] {logging_mixin.py:188} INFO - [2024-04-08T19:54:38.511+0000] {dag.py:3834} INFO - Setting next_dagrun for first_demo_dag to 2024-04-05 23:00:00+00:00, run_after=2024-04-08 01:00:00+00:00
[2024-04-08T19:54:38.582+0000] {processor.py:183} INFO - Processing /opt/airflow/dags/demo_dag.py took 0.315 seconds
[2024-04-08T19:55:08.852+0000] {processor.py:161} INFO - Started process (PID=2230) to work on /opt/airflow/dags/demo_dag.py
[2024-04-08T19:55:08.853+0000] {processor.py:830} INFO - Processing file /opt/airflow/dags/demo_dag.py for tasks to queue
[2024-04-08T19:55:08.855+0000] {logging_mixin.py:188} INFO - [2024-04-08T19:55:08.854+0000] {dagbag.py:540} INFO - Filling up the DagBag from /opt/airflow/dags/demo_dag.py
[2024-04-08T19:55:08.865+0000] {processor.py:840} INFO - DAG(s) 'first_demo_dag' retrieved from /opt/airflow/dags/demo_dag.py
[2024-04-08T19:55:08.916+0000] {logging_mixin.py:188} INFO - [2024-04-08T19:55:08.916+0000] {dag.py:3047} INFO - Sync 1 DAGs
[2024-04-08T19:55:08.963+0000] {logging_mixin.py:188} INFO - [2024-04-08T19:55:08.963+0000] {dag.py:3834} INFO - Setting next_dagrun for first_demo_dag to 2024-04-05 23:00:00+00:00, run_after=2024-04-08 01:00:00+00:00
[2024-04-08T19:55:08.991+0000] {processor.py:183} INFO - Processing /opt/airflow/dags/demo_dag.py took 0.142 seconds
[2024-04-08T19:55:39.506+0000] {processor.py:161} INFO - Started process (PID=2286) to work on /opt/airflow/dags/demo_dag.py
[2024-04-08T19:55:39.526+0000] {processor.py:830} INFO - Processing file /opt/airflow/dags/demo_dag.py for tasks to queue
[2024-04-08T19:55:39.528+0000] {logging_mixin.py:188} INFO - [2024-04-08T19:55:39.528+0000] {dagbag.py:540} INFO - Filling up the DagBag from /opt/airflow/dags/demo_dag.py
[2024-04-08T19:55:39.538+0000] {processor.py:840} INFO - DAG(s) 'first_demo_dag' retrieved from /opt/airflow/dags/demo_dag.py
[2024-04-08T19:55:39.562+0000] {logging_mixin.py:188} INFO - [2024-04-08T19:55:39.562+0000] {dag.py:3047} INFO - Sync 1 DAGs
[2024-04-08T19:55:39.592+0000] {logging_mixin.py:188} INFO - [2024-04-08T19:55:39.591+0000] {dag.py:3834} INFO - Setting next_dagrun for first_demo_dag to 2024-04-05 23:00:00+00:00, run_after=2024-04-08 01:00:00+00:00
[2024-04-08T19:55:39.652+0000] {processor.py:183} INFO - Processing /opt/airflow/dags/demo_dag.py took 0.149 seconds
[2024-04-08T19:56:10.287+0000] {processor.py:161} INFO - Started process (PID=2341) to work on /opt/airflow/dags/demo_dag.py
[2024-04-08T19:56:10.288+0000] {processor.py:830} INFO - Processing file /opt/airflow/dags/demo_dag.py for tasks to queue
[2024-04-08T19:56:10.290+0000] {logging_mixin.py:188} INFO - [2024-04-08T19:56:10.290+0000] {dagbag.py:540} INFO - Filling up the DagBag from /opt/airflow/dags/demo_dag.py
[2024-04-08T19:56:10.299+0000] {processor.py:840} INFO - DAG(s) 'first_demo_dag' retrieved from /opt/airflow/dags/demo_dag.py
[2024-04-08T19:56:10.322+0000] {logging_mixin.py:188} INFO - [2024-04-08T19:56:10.321+0000] {dag.py:3047} INFO - Sync 1 DAGs
[2024-04-08T19:56:10.348+0000] {logging_mixin.py:188} INFO - [2024-04-08T19:56:10.348+0000] {dag.py:3834} INFO - Setting next_dagrun for first_demo_dag to 2024-04-05 23:00:00+00:00, run_after=2024-04-08 01:00:00+00:00
[2024-04-08T19:56:10.372+0000] {processor.py:183} INFO - Processing /opt/airflow/dags/demo_dag.py took 0.088 seconds
[2024-04-08T19:56:40.673+0000] {processor.py:161} INFO - Started process (PID=2397) to work on /opt/airflow/dags/demo_dag.py
[2024-04-08T19:56:40.674+0000] {processor.py:830} INFO - Processing file /opt/airflow/dags/demo_dag.py for tasks to queue
[2024-04-08T19:56:40.676+0000] {logging_mixin.py:188} INFO - [2024-04-08T19:56:40.676+0000] {dagbag.py:540} INFO - Filling up the DagBag from /opt/airflow/dags/demo_dag.py
[2024-04-08T19:56:40.685+0000] {processor.py:840} INFO - DAG(s) 'first_demo_dag' retrieved from /opt/airflow/dags/demo_dag.py
[2024-04-08T19:56:40.708+0000] {logging_mixin.py:188} INFO - [2024-04-08T19:56:40.707+0000] {dag.py:3047} INFO - Sync 1 DAGs
[2024-04-08T19:56:40.735+0000] {logging_mixin.py:188} INFO - [2024-04-08T19:56:40.734+0000] {dag.py:3834} INFO - Setting next_dagrun for first_demo_dag to 2024-04-05 23:00:00+00:00, run_after=2024-04-08 01:00:00+00:00
[2024-04-08T19:56:40.784+0000] {processor.py:183} INFO - Processing /opt/airflow/dags/demo_dag.py took 0.106 seconds
[2024-04-08T19:56:58.565+0000] {processor.py:161} INFO - Started process (PID=2443) to work on /opt/airflow/dags/demo_dag.py
[2024-04-08T19:56:58.566+0000] {processor.py:830} INFO - Processing file /opt/airflow/dags/demo_dag.py for tasks to queue
[2024-04-08T19:56:58.568+0000] {logging_mixin.py:188} INFO - [2024-04-08T19:56:58.567+0000] {dagbag.py:540} INFO - Filling up the DagBag from /opt/airflow/dags/demo_dag.py
[2024-04-08T19:56:58.576+0000] {processor.py:840} INFO - DAG(s) 'first_demo_dag' retrieved from /opt/airflow/dags/demo_dag.py
[2024-04-08T19:56:58.594+0000] {logging_mixin.py:188} INFO - [2024-04-08T19:56:58.594+0000] {dag.py:3047} INFO - Sync 1 DAGs
[2024-04-08T19:56:58.613+0000] {logging_mixin.py:188} INFO - [2024-04-08T19:56:58.613+0000] {dag.py:3834} INFO - Setting next_dagrun for first_demo_dag to 2024-04-05 23:00:00+00:00, run_after=2024-04-08 01:00:00+00:00
[2024-04-08T19:56:58.633+0000] {processor.py:183} INFO - Processing /opt/airflow/dags/demo_dag.py took 0.070 seconds
[2024-04-08T19:57:29.167+0000] {processor.py:161} INFO - Started process (PID=2499) to work on /opt/airflow/dags/demo_dag.py
[2024-04-08T19:57:29.174+0000] {processor.py:830} INFO - Processing file /opt/airflow/dags/demo_dag.py for tasks to queue
[2024-04-08T19:57:29.182+0000] {logging_mixin.py:188} INFO - [2024-04-08T19:57:29.181+0000] {dagbag.py:540} INFO - Filling up the DagBag from /opt/airflow/dags/demo_dag.py
[2024-04-08T19:57:29.201+0000] {processor.py:840} INFO - DAG(s) 'first_demo_dag' retrieved from /opt/airflow/dags/demo_dag.py
[2024-04-08T19:57:29.243+0000] {logging_mixin.py:188} INFO - [2024-04-08T19:57:29.242+0000] {dag.py:3047} INFO - Sync 1 DAGs
[2024-04-08T19:57:29.272+0000] {logging_mixin.py:188} INFO - [2024-04-08T19:57:29.271+0000] {dag.py:3834} INFO - Setting next_dagrun for first_demo_dag to 2024-04-05 23:00:00+00:00, run_after=2024-04-08 01:00:00+00:00
[2024-04-08T19:57:29.309+0000] {processor.py:183} INFO - Processing /opt/airflow/dags/demo_dag.py took 0.146 seconds
[2024-04-08T19:57:59.381+0000] {processor.py:161} INFO - Started process (PID=2555) to work on /opt/airflow/dags/demo_dag.py
[2024-04-08T19:57:59.382+0000] {processor.py:830} INFO - Processing file /opt/airflow/dags/demo_dag.py for tasks to queue
[2024-04-08T19:57:59.383+0000] {logging_mixin.py:188} INFO - [2024-04-08T19:57:59.383+0000] {dagbag.py:540} INFO - Filling up the DagBag from /opt/airflow/dags/demo_dag.py
[2024-04-08T19:57:59.394+0000] {processor.py:840} INFO - DAG(s) 'first_demo_dag' retrieved from /opt/airflow/dags/demo_dag.py
[2024-04-08T19:57:59.419+0000] {logging_mixin.py:188} INFO - [2024-04-08T19:57:59.418+0000] {dag.py:3047} INFO - Sync 1 DAGs
[2024-04-08T19:57:59.438+0000] {logging_mixin.py:188} INFO - [2024-04-08T19:57:59.438+0000] {dag.py:3834} INFO - Setting next_dagrun for first_demo_dag to 2024-04-05 23:00:00+00:00, run_after=2024-04-08 01:00:00+00:00
[2024-04-08T19:57:59.457+0000] {processor.py:183} INFO - Processing /opt/airflow/dags/demo_dag.py took 0.079 seconds
[2024-04-08T19:58:29.547+0000] {processor.py:161} INFO - Started process (PID=2612) to work on /opt/airflow/dags/demo_dag.py
[2024-04-08T19:58:29.548+0000] {processor.py:830} INFO - Processing file /opt/airflow/dags/demo_dag.py for tasks to queue
[2024-04-08T19:58:29.550+0000] {logging_mixin.py:188} INFO - [2024-04-08T19:58:29.549+0000] {dagbag.py:540} INFO - Filling up the DagBag from /opt/airflow/dags/demo_dag.py
[2024-04-08T19:58:29.558+0000] {processor.py:840} INFO - DAG(s) 'first_demo_dag' retrieved from /opt/airflow/dags/demo_dag.py
[2024-04-08T19:58:29.597+0000] {logging_mixin.py:188} INFO - [2024-04-08T19:58:29.596+0000] {dag.py:3047} INFO - Sync 1 DAGs
[2024-04-08T19:58:29.628+0000] {logging_mixin.py:188} INFO - [2024-04-08T19:58:29.628+0000] {dag.py:3834} INFO - Setting next_dagrun for first_demo_dag to 2024-04-05 23:00:00+00:00, run_after=2024-04-08 01:00:00+00:00
[2024-04-08T19:58:29.655+0000] {processor.py:183} INFO - Processing /opt/airflow/dags/demo_dag.py took 0.112 seconds
[2024-04-08T19:58:59.992+0000] {processor.py:161} INFO - Started process (PID=2668) to work on /opt/airflow/dags/demo_dag.py
[2024-04-08T19:58:59.993+0000] {processor.py:830} INFO - Processing file /opt/airflow/dags/demo_dag.py for tasks to queue
[2024-04-08T19:58:59.994+0000] {logging_mixin.py:188} INFO - [2024-04-08T19:58:59.994+0000] {dagbag.py:540} INFO - Filling up the DagBag from /opt/airflow/dags/demo_dag.py
[2024-04-08T19:59:00.001+0000] {processor.py:840} INFO - DAG(s) 'first_demo_dag' retrieved from /opt/airflow/dags/demo_dag.py
[2024-04-08T19:59:00.017+0000] {logging_mixin.py:188} INFO - [2024-04-08T19:59:00.017+0000] {dag.py:3047} INFO - Sync 1 DAGs
[2024-04-08T19:59:00.035+0000] {logging_mixin.py:188} INFO - [2024-04-08T19:59:00.035+0000] {dag.py:3834} INFO - Setting next_dagrun for first_demo_dag to 2024-04-05 23:00:00+00:00, run_after=2024-04-08 01:00:00+00:00
[2024-04-08T19:59:00.055+0000] {processor.py:183} INFO - Processing /opt/airflow/dags/demo_dag.py took 0.065 seconds
[2024-04-08T19:59:30.102+0000] {processor.py:161} INFO - Started process (PID=2724) to work on /opt/airflow/dags/demo_dag.py
[2024-04-08T19:59:30.103+0000] {processor.py:830} INFO - Processing file /opt/airflow/dags/demo_dag.py for tasks to queue
[2024-04-08T19:59:30.105+0000] {logging_mixin.py:188} INFO - [2024-04-08T19:59:30.105+0000] {dagbag.py:540} INFO - Filling up the DagBag from /opt/airflow/dags/demo_dag.py
[2024-04-08T19:59:30.113+0000] {processor.py:840} INFO - DAG(s) 'first_demo_dag' retrieved from /opt/airflow/dags/demo_dag.py
[2024-04-08T19:59:30.128+0000] {logging_mixin.py:188} INFO - [2024-04-08T19:59:30.128+0000] {dag.py:3047} INFO - Sync 1 DAGs
[2024-04-08T19:59:30.147+0000] {logging_mixin.py:188} INFO - [2024-04-08T19:59:30.146+0000] {dag.py:3834} INFO - Setting next_dagrun for first_demo_dag to 2024-04-05 23:00:00+00:00, run_after=2024-04-08 01:00:00+00:00
[2024-04-08T19:59:30.166+0000] {processor.py:183} INFO - Processing /opt/airflow/dags/demo_dag.py took 0.067 seconds
[2024-04-08T20:00:00.533+0000] {processor.py:161} INFO - Started process (PID=2781) to work on /opt/airflow/dags/demo_dag.py
[2024-04-08T20:00:00.534+0000] {processor.py:830} INFO - Processing file /opt/airflow/dags/demo_dag.py for tasks to queue
[2024-04-08T20:00:00.535+0000] {logging_mixin.py:188} INFO - [2024-04-08T20:00:00.535+0000] {dagbag.py:540} INFO - Filling up the DagBag from /opt/airflow/dags/demo_dag.py
[2024-04-08T20:00:00.544+0000] {processor.py:840} INFO - DAG(s) 'first_demo_dag' retrieved from /opt/airflow/dags/demo_dag.py
[2024-04-08T20:00:00.563+0000] {logging_mixin.py:188} INFO - [2024-04-08T20:00:00.563+0000] {dag.py:3047} INFO - Sync 1 DAGs
[2024-04-08T20:00:00.582+0000] {logging_mixin.py:188} INFO - [2024-04-08T20:00:00.582+0000] {dag.py:3834} INFO - Setting next_dagrun for first_demo_dag to 2024-04-05 23:00:00+00:00, run_after=2024-04-08 01:00:00+00:00
[2024-04-08T20:00:00.600+0000] {processor.py:183} INFO - Processing /opt/airflow/dags/demo_dag.py took 0.070 seconds
[2024-04-08T20:00:30.974+0000] {processor.py:161} INFO - Started process (PID=2837) to work on /opt/airflow/dags/demo_dag.py
[2024-04-08T20:00:30.975+0000] {processor.py:830} INFO - Processing file /opt/airflow/dags/demo_dag.py for tasks to queue
[2024-04-08T20:00:30.977+0000] {logging_mixin.py:188} INFO - [2024-04-08T20:00:30.977+0000] {dagbag.py:540} INFO - Filling up the DagBag from /opt/airflow/dags/demo_dag.py
[2024-04-08T20:00:30.988+0000] {processor.py:840} INFO - DAG(s) 'first_demo_dag' retrieved from /opt/airflow/dags/demo_dag.py
[2024-04-08T20:00:31.012+0000] {logging_mixin.py:188} INFO - [2024-04-08T20:00:31.012+0000] {dag.py:3047} INFO - Sync 1 DAGs
[2024-04-08T20:00:31.041+0000] {logging_mixin.py:188} INFO - [2024-04-08T20:00:31.040+0000] {dag.py:3834} INFO - Setting next_dagrun for first_demo_dag to 2024-04-05 23:00:00+00:00, run_after=2024-04-08 01:00:00+00:00
[2024-04-08T20:00:31.062+0000] {processor.py:183} INFO - Processing /opt/airflow/dags/demo_dag.py took 0.091 seconds
[2024-04-08T20:01:01.238+0000] {processor.py:161} INFO - Started process (PID=2892) to work on /opt/airflow/dags/demo_dag.py
[2024-04-08T20:01:01.238+0000] {processor.py:830} INFO - Processing file /opt/airflow/dags/demo_dag.py for tasks to queue
[2024-04-08T20:01:01.240+0000] {logging_mixin.py:188} INFO - [2024-04-08T20:01:01.239+0000] {dagbag.py:540} INFO - Filling up the DagBag from /opt/airflow/dags/demo_dag.py
[2024-04-08T20:01:01.246+0000] {processor.py:840} INFO - DAG(s) 'first_demo_dag' retrieved from /opt/airflow/dags/demo_dag.py
[2024-04-08T20:01:01.264+0000] {logging_mixin.py:188} INFO - [2024-04-08T20:01:01.263+0000] {dag.py:3047} INFO - Sync 1 DAGs
[2024-04-08T20:01:01.289+0000] {logging_mixin.py:188} INFO - [2024-04-08T20:01:01.289+0000] {dag.py:3834} INFO - Setting next_dagrun for first_demo_dag to 2024-04-05 23:00:00+00:00, run_after=2024-04-08 01:00:00+00:00
[2024-04-08T20:01:01.314+0000] {processor.py:183} INFO - Processing /opt/airflow/dags/demo_dag.py took 0.079 seconds
[2024-04-08T20:01:31.468+0000] {processor.py:161} INFO - Started process (PID=2949) to work on /opt/airflow/dags/demo_dag.py
[2024-04-08T20:01:31.469+0000] {processor.py:830} INFO - Processing file /opt/airflow/dags/demo_dag.py for tasks to queue
[2024-04-08T20:01:31.470+0000] {logging_mixin.py:188} INFO - [2024-04-08T20:01:31.470+0000] {dagbag.py:540} INFO - Filling up the DagBag from /opt/airflow/dags/demo_dag.py
[2024-04-08T20:01:31.477+0000] {processor.py:840} INFO - DAG(s) 'first_demo_dag' retrieved from /opt/airflow/dags/demo_dag.py
[2024-04-08T20:01:31.493+0000] {logging_mixin.py:188} INFO - [2024-04-08T20:01:31.493+0000] {dag.py:3047} INFO - Sync 1 DAGs
[2024-04-08T20:01:31.512+0000] {logging_mixin.py:188} INFO - [2024-04-08T20:01:31.512+0000] {dag.py:3834} INFO - Setting next_dagrun for first_demo_dag to 2024-04-05 23:00:00+00:00, run_after=2024-04-08 01:00:00+00:00
[2024-04-08T20:01:31.531+0000] {processor.py:183} INFO - Processing /opt/airflow/dags/demo_dag.py took 0.066 seconds
[2024-04-08T20:02:01.621+0000] {processor.py:161} INFO - Started process (PID=3005) to work on /opt/airflow/dags/demo_dag.py
[2024-04-08T20:02:01.622+0000] {processor.py:830} INFO - Processing file /opt/airflow/dags/demo_dag.py for tasks to queue
[2024-04-08T20:02:01.624+0000] {logging_mixin.py:188} INFO - [2024-04-08T20:02:01.624+0000] {dagbag.py:540} INFO - Filling up the DagBag from /opt/airflow/dags/demo_dag.py
[2024-04-08T20:02:01.634+0000] {processor.py:840} INFO - DAG(s) 'first_demo_dag' retrieved from /opt/airflow/dags/demo_dag.py
[2024-04-08T20:02:01.655+0000] {logging_mixin.py:188} INFO - [2024-04-08T20:02:01.655+0000] {dag.py:3047} INFO - Sync 1 DAGs
[2024-04-08T20:02:01.702+0000] {logging_mixin.py:188} INFO - [2024-04-08T20:02:01.702+0000] {dag.py:3834} INFO - Setting next_dagrun for first_demo_dag to 2024-04-05 23:00:00+00:00, run_after=2024-04-08 01:00:00+00:00
[2024-04-08T20:02:01.733+0000] {processor.py:183} INFO - Processing /opt/airflow/dags/demo_dag.py took 0.116 seconds
[2024-04-08T20:02:32.100+0000] {processor.py:161} INFO - Started process (PID=3062) to work on /opt/airflow/dags/demo_dag.py
[2024-04-08T20:02:32.106+0000] {processor.py:830} INFO - Processing file /opt/airflow/dags/demo_dag.py for tasks to queue
[2024-04-08T20:02:32.112+0000] {logging_mixin.py:188} INFO - [2024-04-08T20:02:32.112+0000] {dagbag.py:540} INFO - Filling up the DagBag from /opt/airflow/dags/demo_dag.py
[2024-04-08T20:02:32.134+0000] {processor.py:840} INFO - DAG(s) 'first_demo_dag' retrieved from /opt/airflow/dags/demo_dag.py
[2024-04-08T20:02:32.170+0000] {logging_mixin.py:188} INFO - [2024-04-08T20:02:32.169+0000] {dag.py:3047} INFO - Sync 1 DAGs
[2024-04-08T20:02:32.248+0000] {logging_mixin.py:188} INFO - [2024-04-08T20:02:32.247+0000] {dag.py:3834} INFO - Setting next_dagrun for first_demo_dag to 2024-04-05 23:00:00+00:00, run_after=2024-04-08 01:00:00+00:00
[2024-04-08T20:02:32.291+0000] {processor.py:183} INFO - Processing /opt/airflow/dags/demo_dag.py took 0.195 seconds
[2024-04-08T20:03:02.595+0000] {processor.py:161} INFO - Started process (PID=3118) to work on /opt/airflow/dags/demo_dag.py
[2024-04-08T20:03:02.595+0000] {processor.py:830} INFO - Processing file /opt/airflow/dags/demo_dag.py for tasks to queue
[2024-04-08T20:03:02.597+0000] {logging_mixin.py:188} INFO - [2024-04-08T20:03:02.597+0000] {dagbag.py:540} INFO - Filling up the DagBag from /opt/airflow/dags/demo_dag.py
[2024-04-08T20:03:02.603+0000] {processor.py:840} INFO - DAG(s) 'first_demo_dag' retrieved from /opt/airflow/dags/demo_dag.py
[2024-04-08T20:03:02.624+0000] {logging_mixin.py:188} INFO - [2024-04-08T20:03:02.624+0000] {dag.py:3047} INFO - Sync 1 DAGs
[2024-04-08T20:03:02.644+0000] {logging_mixin.py:188} INFO - [2024-04-08T20:03:02.643+0000] {dag.py:3834} INFO - Setting next_dagrun for first_demo_dag to 2024-04-05 23:00:00+00:00, run_after=2024-04-08 01:00:00+00:00
[2024-04-08T20:03:02.663+0000] {processor.py:183} INFO - Processing /opt/airflow/dags/demo_dag.py took 0.071 seconds
[2024-04-08T20:03:32.832+0000] {processor.py:161} INFO - Started process (PID=3174) to work on /opt/airflow/dags/demo_dag.py
[2024-04-08T20:03:32.833+0000] {processor.py:830} INFO - Processing file /opt/airflow/dags/demo_dag.py for tasks to queue
[2024-04-08T20:03:32.834+0000] {logging_mixin.py:188} INFO - [2024-04-08T20:03:32.834+0000] {dagbag.py:540} INFO - Filling up the DagBag from /opt/airflow/dags/demo_dag.py
[2024-04-08T20:03:32.840+0000] {processor.py:840} INFO - DAG(s) 'first_demo_dag' retrieved from /opt/airflow/dags/demo_dag.py
[2024-04-08T20:03:32.857+0000] {logging_mixin.py:188} INFO - [2024-04-08T20:03:32.857+0000] {dag.py:3047} INFO - Sync 1 DAGs
[2024-04-08T20:03:32.877+0000] {logging_mixin.py:188} INFO - [2024-04-08T20:03:32.876+0000] {dag.py:3834} INFO - Setting next_dagrun for first_demo_dag to 2024-04-05 23:00:00+00:00, run_after=2024-04-08 01:00:00+00:00
[2024-04-08T20:03:32.896+0000] {processor.py:183} INFO - Processing /opt/airflow/dags/demo_dag.py took 0.067 seconds
[2024-04-08T20:04:03.293+0000] {processor.py:161} INFO - Started process (PID=3230) to work on /opt/airflow/dags/demo_dag.py
[2024-04-08T20:04:03.294+0000] {processor.py:830} INFO - Processing file /opt/airflow/dags/demo_dag.py for tasks to queue
[2024-04-08T20:04:03.296+0000] {logging_mixin.py:188} INFO - [2024-04-08T20:04:03.296+0000] {dagbag.py:540} INFO - Filling up the DagBag from /opt/airflow/dags/demo_dag.py
[2024-04-08T20:04:03.303+0000] {processor.py:840} INFO - DAG(s) 'first_demo_dag' retrieved from /opt/airflow/dags/demo_dag.py
[2024-04-08T20:04:03.319+0000] {logging_mixin.py:188} INFO - [2024-04-08T20:04:03.319+0000] {dag.py:3047} INFO - Sync 1 DAGs
[2024-04-08T20:04:03.338+0000] {logging_mixin.py:188} INFO - [2024-04-08T20:04:03.338+0000] {dag.py:3834} INFO - Setting next_dagrun for first_demo_dag to 2024-04-05 23:00:00+00:00, run_after=2024-04-08 01:00:00+00:00
[2024-04-08T20:04:03.359+0000] {processor.py:183} INFO - Processing /opt/airflow/dags/demo_dag.py took 0.068 seconds
[2024-04-08T20:04:33.577+0000] {processor.py:161} INFO - Started process (PID=3287) to work on /opt/airflow/dags/demo_dag.py
[2024-04-08T20:04:33.578+0000] {processor.py:830} INFO - Processing file /opt/airflow/dags/demo_dag.py for tasks to queue
[2024-04-08T20:04:33.579+0000] {logging_mixin.py:188} INFO - [2024-04-08T20:04:33.579+0000] {dagbag.py:540} INFO - Filling up the DagBag from /opt/airflow/dags/demo_dag.py
[2024-04-08T20:04:33.587+0000] {processor.py:840} INFO - DAG(s) 'first_demo_dag' retrieved from /opt/airflow/dags/demo_dag.py
[2024-04-08T20:04:33.603+0000] {logging_mixin.py:188} INFO - [2024-04-08T20:04:33.603+0000] {dag.py:3047} INFO - Sync 1 DAGs
[2024-04-08T20:04:33.622+0000] {logging_mixin.py:188} INFO - [2024-04-08T20:04:33.622+0000] {dag.py:3834} INFO - Setting next_dagrun for first_demo_dag to 2024-04-05 23:00:00+00:00, run_after=2024-04-08 01:00:00+00:00
[2024-04-08T20:04:33.642+0000] {processor.py:183} INFO - Processing /opt/airflow/dags/demo_dag.py took 0.067 seconds
[2024-04-08T20:05:04.325+0000] {processor.py:161} INFO - Started process (PID=3342) to work on /opt/airflow/dags/demo_dag.py
[2024-04-08T20:05:04.326+0000] {processor.py:830} INFO - Processing file /opt/airflow/dags/demo_dag.py for tasks to queue
[2024-04-08T20:05:04.328+0000] {logging_mixin.py:188} INFO - [2024-04-08T20:05:04.328+0000] {dagbag.py:540} INFO - Filling up the DagBag from /opt/airflow/dags/demo_dag.py
[2024-04-08T20:05:04.337+0000] {processor.py:840} INFO - DAG(s) 'first_demo_dag' retrieved from /opt/airflow/dags/demo_dag.py
[2024-04-08T20:05:04.359+0000] {logging_mixin.py:188} INFO - [2024-04-08T20:05:04.359+0000] {dag.py:3047} INFO - Sync 1 DAGs
[2024-04-08T20:05:04.387+0000] {logging_mixin.py:188} INFO - [2024-04-08T20:05:04.387+0000] {dag.py:3834} INFO - Setting next_dagrun for first_demo_dag to 2024-04-05 23:00:00+00:00, run_after=2024-04-08 01:00:00+00:00
[2024-04-08T20:05:04.414+0000] {processor.py:183} INFO - Processing /opt/airflow/dags/demo_dag.py took 0.093 seconds
[2024-04-08T20:05:35.250+0000] {processor.py:161} INFO - Started process (PID=3398) to work on /opt/airflow/dags/demo_dag.py
[2024-04-08T20:05:35.251+0000] {processor.py:830} INFO - Processing file /opt/airflow/dags/demo_dag.py for tasks to queue
[2024-04-08T20:05:35.253+0000] {logging_mixin.py:188} INFO - [2024-04-08T20:05:35.252+0000] {dagbag.py:540} INFO - Filling up the DagBag from /opt/airflow/dags/demo_dag.py
[2024-04-08T20:05:35.264+0000] {processor.py:840} INFO - DAG(s) 'first_demo_dag' retrieved from /opt/airflow/dags/demo_dag.py
[2024-04-08T20:05:35.329+0000] {logging_mixin.py:188} INFO - [2024-04-08T20:05:35.329+0000] {dag.py:3047} INFO - Sync 1 DAGs
[2024-04-08T20:05:35.425+0000] {logging_mixin.py:188} INFO - [2024-04-08T20:05:35.425+0000] {dag.py:3834} INFO - Setting next_dagrun for first_demo_dag to 2024-04-05 23:00:00+00:00, run_after=2024-04-08 01:00:00+00:00
[2024-04-08T20:05:35.474+0000] {processor.py:183} INFO - Processing /opt/airflow/dags/demo_dag.py took 0.229 seconds
[2024-04-08T20:06:53.283+0000] {processor.py:161} INFO - Started process (PID=35) to work on /opt/airflow/dags/demo_dag.py
[2024-04-08T20:06:53.292+0000] {processor.py:830} INFO - Processing file /opt/airflow/dags/demo_dag.py for tasks to queue
[2024-04-08T20:06:53.294+0000] {logging_mixin.py:188} INFO - [2024-04-08T20:06:53.294+0000] {dagbag.py:540} INFO - Filling up the DagBag from /opt/airflow/dags/demo_dag.py
[2024-04-08T20:06:53.464+0000] {processor.py:840} INFO - DAG(s) 'first_demo_dag' retrieved from /opt/airflow/dags/demo_dag.py
[2024-04-08T20:06:54.308+0000] {logging_mixin.py:188} INFO - [2024-04-08T20:06:54.306+0000] {dag.py:3047} INFO - Sync 1 DAGs
[2024-04-08T20:06:54.425+0000] {logging_mixin.py:188} INFO - [2024-04-08T20:06:54.425+0000] {dag.py:3834} INFO - Setting next_dagrun for first_demo_dag to 2024-04-05 23:00:00+00:00, run_after=2024-04-08 01:00:00+00:00
[2024-04-08T20:06:54.464+0000] {processor.py:183} INFO - Processing /opt/airflow/dags/demo_dag.py took 1.186 seconds
[2024-04-08T20:07:24.883+0000] {processor.py:161} INFO - Started process (PID=91) to work on /opt/airflow/dags/demo_dag.py
[2024-04-08T20:07:24.886+0000] {processor.py:830} INFO - Processing file /opt/airflow/dags/demo_dag.py for tasks to queue
[2024-04-08T20:07:24.893+0000] {logging_mixin.py:188} INFO - [2024-04-08T20:07:24.892+0000] {dagbag.py:540} INFO - Filling up the DagBag from /opt/airflow/dags/demo_dag.py
[2024-04-08T20:07:24.907+0000] {processor.py:840} INFO - DAG(s) 'first_demo_dag' retrieved from /opt/airflow/dags/demo_dag.py
[2024-04-08T20:07:24.942+0000] {logging_mixin.py:188} INFO - [2024-04-08T20:07:24.941+0000] {dag.py:3047} INFO - Sync 1 DAGs
[2024-04-08T20:07:24.994+0000] {logging_mixin.py:188} INFO - [2024-04-08T20:07:24.994+0000] {dag.py:3834} INFO - Setting next_dagrun for first_demo_dag to 2024-04-05 23:00:00+00:00, run_after=2024-04-08 01:00:00+00:00
[2024-04-08T20:07:25.034+0000] {processor.py:183} INFO - Processing /opt/airflow/dags/demo_dag.py took 0.159 seconds
[2024-04-08T20:07:55.140+0000] {processor.py:161} INFO - Started process (PID=147) to work on /opt/airflow/dags/demo_dag.py
[2024-04-08T20:07:55.143+0000] {processor.py:830} INFO - Processing file /opt/airflow/dags/demo_dag.py for tasks to queue
[2024-04-08T20:07:55.145+0000] {logging_mixin.py:188} INFO - [2024-04-08T20:07:55.145+0000] {dagbag.py:540} INFO - Filling up the DagBag from /opt/airflow/dags/demo_dag.py
[2024-04-08T20:07:55.175+0000] {processor.py:840} INFO - DAG(s) 'first_demo_dag' retrieved from /opt/airflow/dags/demo_dag.py
[2024-04-08T20:07:55.248+0000] {logging_mixin.py:188} INFO - [2024-04-08T20:07:55.247+0000] {dag.py:3047} INFO - Sync 1 DAGs
[2024-04-08T20:07:55.363+0000] {logging_mixin.py:188} INFO - [2024-04-08T20:07:55.363+0000] {dag.py:3834} INFO - Setting next_dagrun for first_demo_dag to 2024-04-05 23:00:00+00:00, run_after=2024-04-08 01:00:00+00:00
[2024-04-08T20:07:55.421+0000] {processor.py:183} INFO - Processing /opt/airflow/dags/demo_dag.py took 0.289 seconds
[2024-04-08T20:08:26.088+0000] {processor.py:161} INFO - Started process (PID=203) to work on /opt/airflow/dags/demo_dag.py
[2024-04-08T20:08:26.089+0000] {processor.py:830} INFO - Processing file /opt/airflow/dags/demo_dag.py for tasks to queue
[2024-04-08T20:08:26.091+0000] {logging_mixin.py:188} INFO - [2024-04-08T20:08:26.090+0000] {dagbag.py:540} INFO - Filling up the DagBag from /opt/airflow/dags/demo_dag.py
[2024-04-08T20:08:26.101+0000] {processor.py:840} INFO - DAG(s) 'first_demo_dag' retrieved from /opt/airflow/dags/demo_dag.py
[2024-04-08T20:08:26.128+0000] {logging_mixin.py:188} INFO - [2024-04-08T20:08:26.128+0000] {dag.py:3047} INFO - Sync 1 DAGs
[2024-04-08T20:08:26.156+0000] {logging_mixin.py:188} INFO - [2024-04-08T20:08:26.156+0000] {dag.py:3834} INFO - Setting next_dagrun for first_demo_dag to 2024-04-05 23:00:00+00:00, run_after=2024-04-08 01:00:00+00:00
[2024-04-08T20:08:26.181+0000] {processor.py:183} INFO - Processing /opt/airflow/dags/demo_dag.py took 0.096 seconds
[2024-04-08T20:08:56.267+0000] {processor.py:161} INFO - Started process (PID=260) to work on /opt/airflow/dags/demo_dag.py
[2024-04-08T20:08:56.268+0000] {processor.py:830} INFO - Processing file /opt/airflow/dags/demo_dag.py for tasks to queue
[2024-04-08T20:08:56.270+0000] {logging_mixin.py:188} INFO - [2024-04-08T20:08:56.270+0000] {dagbag.py:540} INFO - Filling up the DagBag from /opt/airflow/dags/demo_dag.py
[2024-04-08T20:08:56.279+0000] {processor.py:840} INFO - DAG(s) 'first_demo_dag' retrieved from /opt/airflow/dags/demo_dag.py
[2024-04-08T20:08:56.302+0000] {logging_mixin.py:188} INFO - [2024-04-08T20:08:56.302+0000] {dag.py:3047} INFO - Sync 1 DAGs
[2024-04-08T20:08:56.330+0000] {logging_mixin.py:188} INFO - [2024-04-08T20:08:56.330+0000] {dag.py:3834} INFO - Setting next_dagrun for first_demo_dag to 2024-04-05 23:00:00+00:00, run_after=2024-04-08 01:00:00+00:00
[2024-04-08T20:08:56.354+0000] {processor.py:183} INFO - Processing /opt/airflow/dags/demo_dag.py took 0.090 seconds
[2024-04-08T20:09:26.382+0000] {processor.py:161} INFO - Started process (PID=317) to work on /opt/airflow/dags/demo_dag.py
[2024-04-08T20:09:26.382+0000] {processor.py:830} INFO - Processing file /opt/airflow/dags/demo_dag.py for tasks to queue
[2024-04-08T20:09:26.384+0000] {logging_mixin.py:188} INFO - [2024-04-08T20:09:26.384+0000] {dagbag.py:540} INFO - Filling up the DagBag from /opt/airflow/dags/demo_dag.py
[2024-04-08T20:09:26.390+0000] {processor.py:840} INFO - DAG(s) 'first_demo_dag' retrieved from /opt/airflow/dags/demo_dag.py
[2024-04-08T20:09:26.406+0000] {logging_mixin.py:188} INFO - [2024-04-08T20:09:26.406+0000] {dag.py:3047} INFO - Sync 1 DAGs
[2024-04-08T20:09:26.424+0000] {logging_mixin.py:188} INFO - [2024-04-08T20:09:26.424+0000] {dag.py:3834} INFO - Setting next_dagrun for first_demo_dag to 2024-04-05 23:00:00+00:00, run_after=2024-04-08 01:00:00+00:00
[2024-04-08T20:09:26.444+0000] {processor.py:183} INFO - Processing /opt/airflow/dags/demo_dag.py took 0.065 seconds
[2024-04-08T20:09:56.569+0000] {processor.py:161} INFO - Started process (PID=372) to work on /opt/airflow/dags/demo_dag.py
[2024-04-08T20:09:56.573+0000] {processor.py:830} INFO - Processing file /opt/airflow/dags/demo_dag.py for tasks to queue
[2024-04-08T20:09:56.575+0000] {logging_mixin.py:188} INFO - [2024-04-08T20:09:56.574+0000] {dagbag.py:540} INFO - Filling up the DagBag from /opt/airflow/dags/demo_dag.py
[2024-04-08T20:09:56.601+0000] {processor.py:840} INFO - DAG(s) 'first_demo_dag' retrieved from /opt/airflow/dags/demo_dag.py
[2024-04-08T20:09:56.639+0000] {logging_mixin.py:188} INFO - [2024-04-08T20:09:56.638+0000] {dag.py:3047} INFO - Sync 1 DAGs
[2024-04-08T20:09:56.688+0000] {logging_mixin.py:188} INFO - [2024-04-08T20:09:56.688+0000] {dag.py:3834} INFO - Setting next_dagrun for first_demo_dag to 2024-04-08 01:00:00+00:00, run_after=2024-04-08 23:00:00+00:00
[2024-04-08T20:09:56.723+0000] {processor.py:183} INFO - Processing /opt/airflow/dags/demo_dag.py took 0.165 seconds
[2024-04-08T20:10:27.187+0000] {processor.py:161} INFO - Started process (PID=429) to work on /opt/airflow/dags/demo_dag.py
[2024-04-08T20:10:27.189+0000] {processor.py:830} INFO - Processing file /opt/airflow/dags/demo_dag.py for tasks to queue
[2024-04-08T20:10:27.191+0000] {logging_mixin.py:188} INFO - [2024-04-08T20:10:27.190+0000] {dagbag.py:540} INFO - Filling up the DagBag from /opt/airflow/dags/demo_dag.py
[2024-04-08T20:10:27.199+0000] {processor.py:840} INFO - DAG(s) 'first_demo_dag' retrieved from /opt/airflow/dags/demo_dag.py
[2024-04-08T20:10:27.222+0000] {logging_mixin.py:188} INFO - [2024-04-08T20:10:27.222+0000] {dag.py:3047} INFO - Sync 1 DAGs
[2024-04-08T20:10:27.256+0000] {logging_mixin.py:188} INFO - [2024-04-08T20:10:27.255+0000] {dag.py:3834} INFO - Setting next_dagrun for first_demo_dag to 2024-04-08 01:00:00+00:00, run_after=2024-04-08 23:00:00+00:00
[2024-04-08T20:10:27.288+0000] {processor.py:183} INFO - Processing /opt/airflow/dags/demo_dag.py took 0.104 seconds
[2024-04-08T20:10:57.323+0000] {processor.py:161} INFO - Started process (PID=485) to work on /opt/airflow/dags/demo_dag.py
[2024-04-08T20:10:57.323+0000] {processor.py:830} INFO - Processing file /opt/airflow/dags/demo_dag.py for tasks to queue
[2024-04-08T20:10:57.325+0000] {logging_mixin.py:188} INFO - [2024-04-08T20:10:57.324+0000] {dagbag.py:540} INFO - Filling up the DagBag from /opt/airflow/dags/demo_dag.py
[2024-04-08T20:10:57.331+0000] {processor.py:840} INFO - DAG(s) 'first_demo_dag' retrieved from /opt/airflow/dags/demo_dag.py
[2024-04-08T20:10:57.346+0000] {logging_mixin.py:188} INFO - [2024-04-08T20:10:57.346+0000] {dag.py:3047} INFO - Sync 1 DAGs
[2024-04-08T20:10:57.365+0000] {logging_mixin.py:188} INFO - [2024-04-08T20:10:57.365+0000] {dag.py:3834} INFO - Setting next_dagrun for first_demo_dag to 2024-04-08 01:00:00+00:00, run_after=2024-04-08 23:00:00+00:00
[2024-04-08T20:10:57.384+0000] {processor.py:183} INFO - Processing /opt/airflow/dags/demo_dag.py took 0.064 seconds
[2024-04-08T20:11:27.592+0000] {processor.py:161} INFO - Started process (PID=541) to work on /opt/airflow/dags/demo_dag.py
[2024-04-08T20:11:27.593+0000] {processor.py:830} INFO - Processing file /opt/airflow/dags/demo_dag.py for tasks to queue
[2024-04-08T20:11:27.595+0000] {logging_mixin.py:188} INFO - [2024-04-08T20:11:27.595+0000] {dagbag.py:540} INFO - Filling up the DagBag from /opt/airflow/dags/demo_dag.py
[2024-04-08T20:11:27.604+0000] {processor.py:840} INFO - DAG(s) 'first_demo_dag' retrieved from /opt/airflow/dags/demo_dag.py
[2024-04-08T20:11:27.626+0000] {logging_mixin.py:188} INFO - [2024-04-08T20:11:27.626+0000] {dag.py:3047} INFO - Sync 1 DAGs
[2024-04-08T20:11:27.656+0000] {logging_mixin.py:188} INFO - [2024-04-08T20:11:27.656+0000] {dag.py:3834} INFO - Setting next_dagrun for first_demo_dag to 2024-04-08 01:00:00+00:00, run_after=2024-04-08 23:00:00+00:00
[2024-04-08T20:11:27.687+0000] {processor.py:183} INFO - Processing /opt/airflow/dags/demo_dag.py took 0.098 seconds
[2024-04-08T20:11:58.308+0000] {processor.py:161} INFO - Started process (PID=597) to work on /opt/airflow/dags/demo_dag.py
[2024-04-08T20:11:58.309+0000] {processor.py:830} INFO - Processing file /opt/airflow/dags/demo_dag.py for tasks to queue
[2024-04-08T20:11:58.311+0000] {logging_mixin.py:188} INFO - [2024-04-08T20:11:58.311+0000] {dagbag.py:540} INFO - Filling up the DagBag from /opt/airflow/dags/demo_dag.py
[2024-04-08T20:11:58.320+0000] {processor.py:840} INFO - DAG(s) 'first_demo_dag' retrieved from /opt/airflow/dags/demo_dag.py
[2024-04-08T20:11:58.359+0000] {logging_mixin.py:188} INFO - [2024-04-08T20:11:58.359+0000] {dag.py:3047} INFO - Sync 1 DAGs
[2024-04-08T20:11:58.417+0000] {logging_mixin.py:188} INFO - [2024-04-08T20:11:58.416+0000] {dag.py:3834} INFO - Setting next_dagrun for first_demo_dag to 2024-04-08 01:00:00+00:00, run_after=2024-04-08 23:00:00+00:00
[2024-04-08T20:11:58.442+0000] {processor.py:183} INFO - Processing /opt/airflow/dags/demo_dag.py took 0.136 seconds
[2024-04-08T20:12:28.727+0000] {processor.py:161} INFO - Started process (PID=653) to work on /opt/airflow/dags/demo_dag.py
[2024-04-08T20:12:28.734+0000] {processor.py:830} INFO - Processing file /opt/airflow/dags/demo_dag.py for tasks to queue
[2024-04-08T20:12:28.736+0000] {logging_mixin.py:188} INFO - [2024-04-08T20:12:28.736+0000] {dagbag.py:540} INFO - Filling up the DagBag from /opt/airflow/dags/demo_dag.py
[2024-04-08T20:12:28.745+0000] {processor.py:840} INFO - DAG(s) 'first_demo_dag' retrieved from /opt/airflow/dags/demo_dag.py
[2024-04-08T20:12:28.785+0000] {logging_mixin.py:188} INFO - [2024-04-08T20:12:28.784+0000] {dag.py:3047} INFO - Sync 1 DAGs
[2024-04-08T20:12:28.840+0000] {logging_mixin.py:188} INFO - [2024-04-08T20:12:28.840+0000] {dag.py:3834} INFO - Setting next_dagrun for first_demo_dag to 2024-04-08 01:00:00+00:00, run_after=2024-04-08 23:00:00+00:00
[2024-04-08T20:12:28.897+0000] {processor.py:183} INFO - Processing /opt/airflow/dags/demo_dag.py took 0.174 seconds
[2024-04-08T20:12:59.327+0000] {processor.py:161} INFO - Started process (PID=709) to work on /opt/airflow/dags/demo_dag.py
[2024-04-08T20:12:59.330+0000] {processor.py:830} INFO - Processing file /opt/airflow/dags/demo_dag.py for tasks to queue
[2024-04-08T20:12:59.334+0000] {logging_mixin.py:188} INFO - [2024-04-08T20:12:59.333+0000] {dagbag.py:540} INFO - Filling up the DagBag from /opt/airflow/dags/demo_dag.py
[2024-04-08T20:12:59.352+0000] {processor.py:840} INFO - DAG(s) 'first_demo_dag' retrieved from /opt/airflow/dags/demo_dag.py
[2024-04-08T20:12:59.382+0000] {logging_mixin.py:188} INFO - [2024-04-08T20:12:59.382+0000] {dag.py:3047} INFO - Sync 1 DAGs
[2024-04-08T20:12:59.413+0000] {logging_mixin.py:188} INFO - [2024-04-08T20:12:59.412+0000] {dag.py:3834} INFO - Setting next_dagrun for first_demo_dag to 2024-04-08 01:00:00+00:00, run_after=2024-04-08 23:00:00+00:00
[2024-04-08T20:12:59.458+0000] {processor.py:183} INFO - Processing /opt/airflow/dags/demo_dag.py took 0.139 seconds
[2024-04-08T20:13:30.095+0000] {processor.py:161} INFO - Started process (PID=766) to work on /opt/airflow/dags/demo_dag.py
[2024-04-08T20:13:30.101+0000] {processor.py:830} INFO - Processing file /opt/airflow/dags/demo_dag.py for tasks to queue
[2024-04-08T20:13:30.103+0000] {logging_mixin.py:188} INFO - [2024-04-08T20:13:30.103+0000] {dagbag.py:540} INFO - Filling up the DagBag from /opt/airflow/dags/demo_dag.py
[2024-04-08T20:13:30.118+0000] {processor.py:840} INFO - DAG(s) 'first_demo_dag' retrieved from /opt/airflow/dags/demo_dag.py
[2024-04-08T20:13:30.159+0000] {logging_mixin.py:188} INFO - [2024-04-08T20:13:30.159+0000] {dag.py:3047} INFO - Sync 1 DAGs
[2024-04-08T20:13:30.194+0000] {logging_mixin.py:188} INFO - [2024-04-08T20:13:30.190+0000] {dag.py:3834} INFO - Setting next_dagrun for first_demo_dag to 2024-04-08 01:00:00+00:00, run_after=2024-04-08 23:00:00+00:00
[2024-04-08T20:13:30.254+0000] {processor.py:183} INFO - Processing /opt/airflow/dags/demo_dag.py took 0.163 seconds
[2024-04-08T20:14:00.374+0000] {processor.py:161} INFO - Started process (PID=822) to work on /opt/airflow/dags/demo_dag.py
[2024-04-08T20:14:00.376+0000] {processor.py:830} INFO - Processing file /opt/airflow/dags/demo_dag.py for tasks to queue
[2024-04-08T20:14:00.378+0000] {logging_mixin.py:188} INFO - [2024-04-08T20:14:00.378+0000] {dagbag.py:540} INFO - Filling up the DagBag from /opt/airflow/dags/demo_dag.py
[2024-04-08T20:14:00.387+0000] {processor.py:840} INFO - DAG(s) 'first_demo_dag' retrieved from /opt/airflow/dags/demo_dag.py
[2024-04-08T20:14:00.410+0000] {logging_mixin.py:188} INFO - [2024-04-08T20:14:00.410+0000] {dag.py:3047} INFO - Sync 1 DAGs
[2024-04-08T20:14:00.441+0000] {logging_mixin.py:188} INFO - [2024-04-08T20:14:00.440+0000] {dag.py:3834} INFO - Setting next_dagrun for first_demo_dag to 2024-04-08 01:00:00+00:00, run_after=2024-04-08 23:00:00+00:00
[2024-04-08T20:14:00.464+0000] {processor.py:183} INFO - Processing /opt/airflow/dags/demo_dag.py took 0.093 seconds
[2024-04-08T20:14:30.909+0000] {processor.py:161} INFO - Started process (PID=878) to work on /opt/airflow/dags/demo_dag.py
[2024-04-08T20:14:30.909+0000] {processor.py:830} INFO - Processing file /opt/airflow/dags/demo_dag.py for tasks to queue
[2024-04-08T20:14:30.911+0000] {logging_mixin.py:188} INFO - [2024-04-08T20:14:30.911+0000] {dagbag.py:540} INFO - Filling up the DagBag from /opt/airflow/dags/demo_dag.py
[2024-04-08T20:14:30.931+0000] {processor.py:840} INFO - DAG(s) 'first_demo_dag' retrieved from /opt/airflow/dags/demo_dag.py
[2024-04-08T20:14:30.982+0000] {logging_mixin.py:188} INFO - [2024-04-08T20:14:30.982+0000] {dag.py:3047} INFO - Sync 1 DAGs
[2024-04-08T20:14:31.043+0000] {logging_mixin.py:188} INFO - [2024-04-08T20:14:31.043+0000] {dag.py:3834} INFO - Setting next_dagrun for first_demo_dag to 2024-04-08 01:00:00+00:00, run_after=2024-04-08 23:00:00+00:00
[2024-04-08T20:14:31.079+0000] {processor.py:183} INFO - Processing /opt/airflow/dags/demo_dag.py took 0.174 seconds
[2024-04-08T20:15:01.452+0000] {processor.py:161} INFO - Started process (PID=934) to work on /opt/airflow/dags/demo_dag.py
[2024-04-08T20:15:01.453+0000] {processor.py:830} INFO - Processing file /opt/airflow/dags/demo_dag.py for tasks to queue
[2024-04-08T20:15:01.455+0000] {logging_mixin.py:188} INFO - [2024-04-08T20:15:01.454+0000] {dagbag.py:540} INFO - Filling up the DagBag from /opt/airflow/dags/demo_dag.py
[2024-04-08T20:15:01.464+0000] {processor.py:840} INFO - DAG(s) 'first_demo_dag' retrieved from /opt/airflow/dags/demo_dag.py
[2024-04-08T20:15:01.488+0000] {logging_mixin.py:188} INFO - [2024-04-08T20:15:01.488+0000] {dag.py:3047} INFO - Sync 1 DAGs
[2024-04-08T20:15:01.520+0000] {logging_mixin.py:188} INFO - [2024-04-08T20:15:01.520+0000] {dag.py:3834} INFO - Setting next_dagrun for first_demo_dag to 2024-04-08 01:00:00+00:00, run_after=2024-04-08 23:00:00+00:00
[2024-04-08T20:15:01.545+0000] {processor.py:183} INFO - Processing /opt/airflow/dags/demo_dag.py took 0.096 seconds
[2024-04-08T20:15:31.660+0000] {processor.py:161} INFO - Started process (PID=990) to work on /opt/airflow/dags/demo_dag.py
[2024-04-08T20:15:31.661+0000] {processor.py:830} INFO - Processing file /opt/airflow/dags/demo_dag.py for tasks to queue
[2024-04-08T20:15:31.662+0000] {logging_mixin.py:188} INFO - [2024-04-08T20:15:31.662+0000] {dagbag.py:540} INFO - Filling up the DagBag from /opt/airflow/dags/demo_dag.py
[2024-04-08T20:15:31.676+0000] {processor.py:840} INFO - DAG(s) 'first_demo_dag' retrieved from /opt/airflow/dags/demo_dag.py
[2024-04-08T20:15:31.703+0000] {logging_mixin.py:188} INFO - [2024-04-08T20:15:31.703+0000] {dag.py:3047} INFO - Sync 1 DAGs
[2024-04-08T20:15:31.739+0000] {logging_mixin.py:188} INFO - [2024-04-08T20:15:31.739+0000] {dag.py:3834} INFO - Setting next_dagrun for first_demo_dag to 2024-04-08 01:00:00+00:00, run_after=2024-04-08 23:00:00+00:00
[2024-04-08T20:15:31.771+0000] {processor.py:183} INFO - Processing /opt/airflow/dags/demo_dag.py took 0.114 seconds
[2024-04-08T20:16:01.914+0000] {processor.py:161} INFO - Started process (PID=1046) to work on /opt/airflow/dags/demo_dag.py
[2024-04-08T20:16:01.919+0000] {processor.py:830} INFO - Processing file /opt/airflow/dags/demo_dag.py for tasks to queue
[2024-04-08T20:16:01.925+0000] {logging_mixin.py:188} INFO - [2024-04-08T20:16:01.924+0000] {dagbag.py:540} INFO - Filling up the DagBag from /opt/airflow/dags/demo_dag.py
[2024-04-08T20:16:01.949+0000] {processor.py:840} INFO - DAG(s) 'first_demo_dag' retrieved from /opt/airflow/dags/demo_dag.py
[2024-04-08T20:16:01.980+0000] {logging_mixin.py:188} INFO - [2024-04-08T20:16:01.979+0000] {dag.py:3047} INFO - Sync 1 DAGs
[2024-04-08T20:16:02.013+0000] {logging_mixin.py:188} INFO - [2024-04-08T20:16:02.012+0000] {dag.py:3834} INFO - Setting next_dagrun for first_demo_dag to 2024-04-08 01:00:00+00:00, run_after=2024-04-08 23:00:00+00:00
[2024-04-08T20:16:02.039+0000] {processor.py:183} INFO - Processing /opt/airflow/dags/demo_dag.py took 0.129 seconds
[2024-04-08T20:16:32.092+0000] {processor.py:161} INFO - Started process (PID=1102) to work on /opt/airflow/dags/demo_dag.py
[2024-04-08T20:16:32.093+0000] {processor.py:830} INFO - Processing file /opt/airflow/dags/demo_dag.py for tasks to queue
[2024-04-08T20:16:32.095+0000] {logging_mixin.py:188} INFO - [2024-04-08T20:16:32.095+0000] {dagbag.py:540} INFO - Filling up the DagBag from /opt/airflow/dags/demo_dag.py
[2024-04-08T20:16:32.104+0000] {processor.py:840} INFO - DAG(s) 'first_demo_dag' retrieved from /opt/airflow/dags/demo_dag.py
[2024-04-08T20:16:32.126+0000] {logging_mixin.py:188} INFO - [2024-04-08T20:16:32.126+0000] {dag.py:3047} INFO - Sync 1 DAGs
[2024-04-08T20:16:32.155+0000] {logging_mixin.py:188} INFO - [2024-04-08T20:16:32.154+0000] {dag.py:3834} INFO - Setting next_dagrun for first_demo_dag to 2024-04-08 01:00:00+00:00, run_after=2024-04-08 23:00:00+00:00
[2024-04-08T20:16:32.183+0000] {processor.py:183} INFO - Processing /opt/airflow/dags/demo_dag.py took 0.094 seconds
[2024-04-08T20:17:02.751+0000] {processor.py:161} INFO - Started process (PID=1158) to work on /opt/airflow/dags/demo_dag.py
[2024-04-08T20:17:02.752+0000] {processor.py:830} INFO - Processing file /opt/airflow/dags/demo_dag.py for tasks to queue
[2024-04-08T20:17:02.754+0000] {logging_mixin.py:188} INFO - [2024-04-08T20:17:02.754+0000] {dagbag.py:540} INFO - Filling up the DagBag from /opt/airflow/dags/demo_dag.py
[2024-04-08T20:17:02.763+0000] {processor.py:840} INFO - DAG(s) 'first_demo_dag' retrieved from /opt/airflow/dags/demo_dag.py
[2024-04-08T20:17:02.788+0000] {logging_mixin.py:188} INFO - [2024-04-08T20:17:02.788+0000] {dag.py:3047} INFO - Sync 1 DAGs
[2024-04-08T20:17:02.817+0000] {logging_mixin.py:188} INFO - [2024-04-08T20:17:02.817+0000] {dag.py:3834} INFO - Setting next_dagrun for first_demo_dag to 2024-04-08 01:00:00+00:00, run_after=2024-04-08 23:00:00+00:00
[2024-04-08T20:17:02.841+0000] {processor.py:183} INFO - Processing /opt/airflow/dags/demo_dag.py took 0.093 seconds
[2024-04-08T20:17:33.233+0000] {processor.py:161} INFO - Started process (PID=1214) to work on /opt/airflow/dags/demo_dag.py
[2024-04-08T20:17:33.234+0000] {processor.py:830} INFO - Processing file /opt/airflow/dags/demo_dag.py for tasks to queue
[2024-04-08T20:17:33.237+0000] {logging_mixin.py:188} INFO - [2024-04-08T20:17:33.236+0000] {dagbag.py:540} INFO - Filling up the DagBag from /opt/airflow/dags/demo_dag.py
[2024-04-08T20:17:33.265+0000] {processor.py:840} INFO - DAG(s) 'first_demo_dag' retrieved from /opt/airflow/dags/demo_dag.py
[2024-04-08T20:17:33.305+0000] {logging_mixin.py:188} INFO - [2024-04-08T20:17:33.304+0000] {dag.py:3047} INFO - Sync 1 DAGs
[2024-04-08T20:17:33.358+0000] {logging_mixin.py:188} INFO - [2024-04-08T20:17:33.357+0000] {dag.py:3834} INFO - Setting next_dagrun for first_demo_dag to 2024-04-08 01:00:00+00:00, run_after=2024-04-08 23:00:00+00:00
[2024-04-08T20:17:33.401+0000] {processor.py:183} INFO - Processing /opt/airflow/dags/demo_dag.py took 0.177 seconds
[2024-04-08T20:18:03.449+0000] {processor.py:161} INFO - Started process (PID=1270) to work on /opt/airflow/dags/demo_dag.py
[2024-04-08T20:18:03.450+0000] {processor.py:830} INFO - Processing file /opt/airflow/dags/demo_dag.py for tasks to queue
[2024-04-08T20:18:03.452+0000] {logging_mixin.py:188} INFO - [2024-04-08T20:18:03.452+0000] {dagbag.py:540} INFO - Filling up the DagBag from /opt/airflow/dags/demo_dag.py
[2024-04-08T20:18:03.462+0000] {processor.py:840} INFO - DAG(s) 'first_demo_dag' retrieved from /opt/airflow/dags/demo_dag.py
[2024-04-08T20:18:03.484+0000] {logging_mixin.py:188} INFO - [2024-04-08T20:18:03.483+0000] {dag.py:3047} INFO - Sync 1 DAGs
[2024-04-08T20:18:03.511+0000] {logging_mixin.py:188} INFO - [2024-04-08T20:18:03.511+0000] {dag.py:3834} INFO - Setting next_dagrun for first_demo_dag to 2024-04-08 01:00:00+00:00, run_after=2024-04-08 23:00:00+00:00
[2024-04-08T20:18:03.540+0000] {processor.py:183} INFO - Processing /opt/airflow/dags/demo_dag.py took 0.095 seconds
[2024-04-08T20:18:33.812+0000] {processor.py:161} INFO - Started process (PID=1326) to work on /opt/airflow/dags/demo_dag.py
[2024-04-08T20:18:33.813+0000] {processor.py:830} INFO - Processing file /opt/airflow/dags/demo_dag.py for tasks to queue
[2024-04-08T20:18:33.814+0000] {logging_mixin.py:188} INFO - [2024-04-08T20:18:33.814+0000] {dagbag.py:540} INFO - Filling up the DagBag from /opt/airflow/dags/demo_dag.py
[2024-04-08T20:18:33.823+0000] {processor.py:840} INFO - DAG(s) 'first_demo_dag' retrieved from /opt/airflow/dags/demo_dag.py
[2024-04-08T20:18:33.846+0000] {logging_mixin.py:188} INFO - [2024-04-08T20:18:33.845+0000] {dag.py:3047} INFO - Sync 1 DAGs
[2024-04-08T20:18:33.875+0000] {logging_mixin.py:188} INFO - [2024-04-08T20:18:33.874+0000] {dag.py:3834} INFO - Setting next_dagrun for first_demo_dag to 2024-04-08 01:00:00+00:00, run_after=2024-04-08 23:00:00+00:00
[2024-04-08T20:18:33.899+0000] {processor.py:183} INFO - Processing /opt/airflow/dags/demo_dag.py took 0.090 seconds
[2024-04-08T20:19:03.934+0000] {processor.py:161} INFO - Started process (PID=1383) to work on /opt/airflow/dags/demo_dag.py
[2024-04-08T20:19:03.935+0000] {processor.py:830} INFO - Processing file /opt/airflow/dags/demo_dag.py for tasks to queue
[2024-04-08T20:19:03.937+0000] {logging_mixin.py:188} INFO - [2024-04-08T20:19:03.936+0000] {dagbag.py:540} INFO - Filling up the DagBag from /opt/airflow/dags/demo_dag.py
[2024-04-08T20:19:03.943+0000] {processor.py:840} INFO - DAG(s) 'first_demo_dag' retrieved from /opt/airflow/dags/demo_dag.py
[2024-04-08T20:19:03.959+0000] {logging_mixin.py:188} INFO - [2024-04-08T20:19:03.958+0000] {dag.py:3047} INFO - Sync 1 DAGs
[2024-04-08T20:19:03.977+0000] {logging_mixin.py:188} INFO - [2024-04-08T20:19:03.977+0000] {dag.py:3834} INFO - Setting next_dagrun for first_demo_dag to 2024-04-08 01:00:00+00:00, run_after=2024-04-08 23:00:00+00:00
[2024-04-08T20:19:03.998+0000] {processor.py:183} INFO - Processing /opt/airflow/dags/demo_dag.py took 0.066 seconds
[2024-04-08T20:19:34.050+0000] {processor.py:161} INFO - Started process (PID=1439) to work on /opt/airflow/dags/demo_dag.py
[2024-04-08T20:19:34.050+0000] {processor.py:830} INFO - Processing file /opt/airflow/dags/demo_dag.py for tasks to queue
[2024-04-08T20:19:34.052+0000] {logging_mixin.py:188} INFO - [2024-04-08T20:19:34.051+0000] {dagbag.py:540} INFO - Filling up the DagBag from /opt/airflow/dags/demo_dag.py
[2024-04-08T20:19:34.058+0000] {processor.py:840} INFO - DAG(s) 'first_demo_dag' retrieved from /opt/airflow/dags/demo_dag.py
[2024-04-08T20:19:34.077+0000] {logging_mixin.py:188} INFO - [2024-04-08T20:19:34.076+0000] {dag.py:3047} INFO - Sync 1 DAGs
[2024-04-08T20:19:34.109+0000] {logging_mixin.py:188} INFO - [2024-04-08T20:19:34.109+0000] {dag.py:3834} INFO - Setting next_dagrun for first_demo_dag to 2024-04-08 01:00:00+00:00, run_after=2024-04-08 23:00:00+00:00
[2024-04-08T20:19:34.143+0000] {processor.py:183} INFO - Processing /opt/airflow/dags/demo_dag.py took 0.096 seconds
[2024-04-08T20:20:04.384+0000] {processor.py:161} INFO - Started process (PID=1495) to work on /opt/airflow/dags/demo_dag.py
[2024-04-08T20:20:04.385+0000] {processor.py:830} INFO - Processing file /opt/airflow/dags/demo_dag.py for tasks to queue
[2024-04-08T20:20:04.387+0000] {logging_mixin.py:188} INFO - [2024-04-08T20:20:04.387+0000] {dagbag.py:540} INFO - Filling up the DagBag from /opt/airflow/dags/demo_dag.py
[2024-04-08T20:20:04.396+0000] {processor.py:840} INFO - DAG(s) 'first_demo_dag' retrieved from /opt/airflow/dags/demo_dag.py
[2024-04-08T20:20:04.444+0000] {logging_mixin.py:188} INFO - [2024-04-08T20:20:04.444+0000] {dag.py:3047} INFO - Sync 1 DAGs
[2024-04-08T20:20:04.492+0000] {logging_mixin.py:188} INFO - [2024-04-08T20:20:04.492+0000] {dag.py:3834} INFO - Setting next_dagrun for first_demo_dag to 2024-04-08 01:00:00+00:00, run_after=2024-04-08 23:00:00+00:00
[2024-04-08T20:20:04.530+0000] {processor.py:183} INFO - Processing /opt/airflow/dags/demo_dag.py took 0.149 seconds
[2024-04-08T20:20:34.837+0000] {processor.py:161} INFO - Started process (PID=1551) to work on /opt/airflow/dags/demo_dag.py
[2024-04-08T20:20:34.838+0000] {processor.py:830} INFO - Processing file /opt/airflow/dags/demo_dag.py for tasks to queue
[2024-04-08T20:20:34.839+0000] {logging_mixin.py:188} INFO - [2024-04-08T20:20:34.839+0000] {dagbag.py:540} INFO - Filling up the DagBag from /opt/airflow/dags/demo_dag.py
[2024-04-08T20:20:34.848+0000] {processor.py:840} INFO - DAG(s) 'first_demo_dag' retrieved from /opt/airflow/dags/demo_dag.py
[2024-04-08T20:20:34.870+0000] {logging_mixin.py:188} INFO - [2024-04-08T20:20:34.870+0000] {dag.py:3047} INFO - Sync 1 DAGs
[2024-04-08T20:20:34.898+0000] {logging_mixin.py:188} INFO - [2024-04-08T20:20:34.898+0000] {dag.py:3834} INFO - Setting next_dagrun for first_demo_dag to 2024-04-08 01:00:00+00:00, run_after=2024-04-08 23:00:00+00:00
[2024-04-08T20:20:34.922+0000] {processor.py:183} INFO - Processing /opt/airflow/dags/demo_dag.py took 0.088 seconds
[2024-04-08T20:21:05.079+0000] {processor.py:161} INFO - Started process (PID=1605) to work on /opt/airflow/dags/demo_dag.py
[2024-04-08T20:21:05.080+0000] {processor.py:830} INFO - Processing file /opt/airflow/dags/demo_dag.py for tasks to queue
[2024-04-08T20:21:05.088+0000] {logging_mixin.py:188} INFO - [2024-04-08T20:21:05.083+0000] {dagbag.py:540} INFO - Filling up the DagBag from /opt/airflow/dags/demo_dag.py
[2024-04-08T20:21:05.099+0000] {processor.py:840} INFO - DAG(s) 'first_demo_dag' retrieved from /opt/airflow/dags/demo_dag.py
[2024-04-08T20:21:05.122+0000] {logging_mixin.py:188} INFO - [2024-04-08T20:21:05.122+0000] {dag.py:3047} INFO - Sync 1 DAGs
[2024-04-08T20:21:05.151+0000] {logging_mixin.py:188} INFO - [2024-04-08T20:21:05.150+0000] {dag.py:3834} INFO - Setting next_dagrun for first_demo_dag to 2024-04-08 01:00:00+00:00, run_after=2024-04-08 23:00:00+00:00
[2024-04-08T20:21:05.176+0000] {processor.py:183} INFO - Processing /opt/airflow/dags/demo_dag.py took 0.100 seconds
[2024-04-08T20:21:35.591+0000] {processor.py:161} INFO - Started process (PID=1661) to work on /opt/airflow/dags/demo_dag.py
[2024-04-08T20:21:35.597+0000] {processor.py:830} INFO - Processing file /opt/airflow/dags/demo_dag.py for tasks to queue
[2024-04-08T20:21:35.599+0000] {logging_mixin.py:188} INFO - [2024-04-08T20:21:35.599+0000] {dagbag.py:540} INFO - Filling up the DagBag from /opt/airflow/dags/demo_dag.py
[2024-04-08T20:21:35.615+0000] {processor.py:840} INFO - DAG(s) 'first_demo_dag' retrieved from /opt/airflow/dags/demo_dag.py
[2024-04-08T20:21:35.659+0000] {logging_mixin.py:188} INFO - [2024-04-08T20:21:35.659+0000] {dag.py:3047} INFO - Sync 1 DAGs
[2024-04-08T20:21:35.721+0000] {logging_mixin.py:188} INFO - [2024-04-08T20:21:35.721+0000] {dag.py:3834} INFO - Setting next_dagrun for first_demo_dag to 2024-04-08 01:00:00+00:00, run_after=2024-04-08 23:00:00+00:00
[2024-04-08T20:21:35.764+0000] {processor.py:183} INFO - Processing /opt/airflow/dags/demo_dag.py took 0.176 seconds
[2024-04-08T20:22:05.827+0000] {processor.py:161} INFO - Started process (PID=1718) to work on /opt/airflow/dags/demo_dag.py
[2024-04-08T20:22:05.838+0000] {processor.py:830} INFO - Processing file /opt/airflow/dags/demo_dag.py for tasks to queue
[2024-04-08T20:22:05.840+0000] {logging_mixin.py:188} INFO - [2024-04-08T20:22:05.840+0000] {dagbag.py:540} INFO - Filling up the DagBag from /opt/airflow/dags/demo_dag.py
[2024-04-08T20:22:05.855+0000] {processor.py:840} INFO - DAG(s) 'first_demo_dag' retrieved from /opt/airflow/dags/demo_dag.py
[2024-04-08T20:22:05.900+0000] {logging_mixin.py:188} INFO - [2024-04-08T20:22:05.899+0000] {dag.py:3047} INFO - Sync 1 DAGs
[2024-04-08T20:22:05.930+0000] {logging_mixin.py:188} INFO - [2024-04-08T20:22:05.930+0000] {dag.py:3834} INFO - Setting next_dagrun for first_demo_dag to 2024-04-08 01:00:00+00:00, run_after=2024-04-08 23:00:00+00:00
[2024-04-08T20:22:05.974+0000] {processor.py:183} INFO - Processing /opt/airflow/dags/demo_dag.py took 0.151 seconds
